[2024-04-14 14:45:46,274] INFO [ControllerEventThread controllerId=0] Starting (kafka.controller.ControllerEventManager$ControllerEventThread)
[2024-04-14 14:45:46,325] INFO [Controller id=0] 0 successfully elected as the controller. Epoch incremented to 2 and epoch zk version is now 2 (kafka.controller.KafkaController)
[2024-04-14 14:45:46,327] INFO [Controller id=0] Registering handlers (kafka.controller.KafkaController)
[2024-04-14 14:45:46,330] INFO [Controller id=0] Deleting log dir event notifications (kafka.controller.KafkaController)
[2024-04-14 14:45:46,332] INFO [Controller id=0] Deleting isr change notifications (kafka.controller.KafkaController)
[2024-04-14 14:45:46,334] INFO [Controller id=0] Initializing controller context (kafka.controller.KafkaController)
[2024-04-14 14:45:46,349] INFO [Controller id=0] Initialized broker epochs cache: HashMap(0 -> 173) (kafka.controller.KafkaController)
[2024-04-14 14:45:46,363] DEBUG [Controller id=0] Register BrokerModifications handler for Set(0) (kafka.controller.KafkaController)
[2024-04-14 14:45:46,391] DEBUG [Channel manager on controller 0]: Controller 0 trying to connect to broker 0 (kafka.controller.ControllerChannelManager)
[2024-04-14 14:45:46,398] INFO [RequestSendThread controllerId=0] Starting (kafka.controller.RequestSendThread)
[2024-04-14 14:45:46,400] INFO [Controller id=0] Currently active brokers in the cluster: Set(0) (kafka.controller.KafkaController)
[2024-04-14 14:45:46,400] INFO [Controller id=0] Currently shutting brokers in the cluster: HashSet() (kafka.controller.KafkaController)
[2024-04-14 14:45:46,400] INFO [Controller id=0] Current list of topics in the cluster: HashSet(Product-Category, __consumer_offsets) (kafka.controller.KafkaController)
[2024-04-14 14:45:46,401] INFO [Controller id=0] Fetching topic deletions in progress (kafka.controller.KafkaController)
[2024-04-14 14:45:46,406] INFO [Controller id=0] List of topics to be deleted:  (kafka.controller.KafkaController)
[2024-04-14 14:45:46,406] INFO [Controller id=0] List of topics ineligible for deletion:  (kafka.controller.KafkaController)
[2024-04-14 14:45:46,406] INFO [Controller id=0] Initializing topic deletion manager (kafka.controller.KafkaController)
[2024-04-14 14:45:46,407] INFO [Topic Deletion Manager 0] Initializing manager with initial deletions: Set(), initial ineligible deletions: HashSet() (kafka.controller.TopicDeletionManager)
[2024-04-14 14:45:46,408] INFO [Controller id=0] Sending update metadata request (kafka.controller.KafkaController)
[2024-04-14 14:45:46,421] INFO [ReplicaStateMachine controllerId=0] Initializing replica state (kafka.controller.ZkReplicaStateMachine)
[2024-04-14 14:45:46,427] INFO [ReplicaStateMachine controllerId=0] Triggering online replica state changes (kafka.controller.ZkReplicaStateMachine)
[2024-04-14 14:45:46,447] INFO [ReplicaStateMachine controllerId=0] Triggering offline replica state changes (kafka.controller.ZkReplicaStateMachine)
[2024-04-14 14:45:46,447] DEBUG [ReplicaStateMachine controllerId=0] Started replica state machine with initial state -> HashMap([Topic=__consumer_offsets,Partition=40,Replica=0] -> OnlineReplica, [Topic=__consumer_offsets,Partition=27,Replica=0] -> OnlineReplica, [Topic=__consumer_offsets,Partition=49,Replica=0] -> OnlineReplica, [Topic=__consumer_offsets,Partition=47,Replica=0] -> OnlineReplica, [Topic=__consumer_offsets,Partition=3,Replica=0] -> OnlineReplica, [Topic=__consumer_offsets,Partition=18,Replica=0] -> OnlineReplica, [Topic=__consumer_offsets,Partition=44,Replica=0] -> OnlineReplica, [Topic=__consumer_offsets,Partition=8,Replica=0] -> OnlineReplica, [Topic=__consumer_offsets,Partition=34,Replica=0] -> OnlineReplica, [Topic=__consumer_offsets,Partition=25,Replica=0] -> OnlineReplica, [Topic=__consumer_offsets,Partition=14,Replica=0] -> OnlineReplica, [Topic=__consumer_offsets,Partition=24,Replica=0] -> OnlineReplica, [Topic=__consumer_offsets,Partition=36,Replica=0] -> OnlineReplica, [Topic=__consumer_offsets,Partition=42,Replica=0] -> OnlineReplica, [Topic=__consumer_offsets,Partition=45,Replica=0] -> OnlineReplica, [Topic=__consumer_offsets,Partition=11,Replica=0] -> OnlineReplica, [Topic=__consumer_offsets,Partition=32,Replica=0] -> OnlineReplica, [Topic=__consumer_offsets,Partition=12,Replica=0] -> OnlineReplica, [Topic=__consumer_offsets,Partition=30,Replica=0] -> OnlineReplica, [Topic=__consumer_offsets,Partition=9,Replica=0] -> OnlineReplica, [Topic=__consumer_offsets,Partition=39,Replica=0] -> OnlineReplica, [Topic=__consumer_offsets,Partition=38,Replica=0] -> OnlineReplica, [Topic=__consumer_offsets,Partition=23,Replica=0] -> OnlineReplica, [Topic=__consumer_offsets,Partition=19,Replica=0] -> OnlineReplica, [Topic=__consumer_offsets,Partition=17,Replica=0] -> OnlineReplica, [Topic=__consumer_offsets,Partition=41,Replica=0] -> OnlineReplica, [Topic=__consumer_offsets,Partition=37,Replica=0] -> OnlineReplica, [Topic=__consumer_offsets,Partition=48,Replica=0] -> OnlineReplica, [Topic=__consumer_offsets,Partition=29,Replica=0] -> OnlineReplica, [Topic=__consumer_offsets,Partition=10,Replica=0] -> OnlineReplica, [Topic=__consumer_offsets,Partition=46,Replica=0] -> OnlineReplica, [Topic=Product-Category,Partition=0,Replica=0] -> OnlineReplica, [Topic=__consumer_offsets,Partition=1,Replica=0] -> OnlineReplica, [Topic=__consumer_offsets,Partition=16,Replica=0] -> OnlineReplica, [Topic=__consumer_offsets,Partition=5,Replica=0] -> OnlineReplica, [Topic=__consumer_offsets,Partition=15,Replica=0] -> OnlineReplica, [Topic=__consumer_offsets,Partition=4,Replica=0] -> OnlineReplica, [Topic=__consumer_offsets,Partition=6,Replica=0] -> OnlineReplica, [Topic=__consumer_offsets,Partition=7,Replica=0] -> OnlineReplica, [Topic=__consumer_offsets,Partition=43,Replica=0] -> OnlineReplica, [Topic=__consumer_offsets,Partition=0,Replica=0] -> OnlineReplica, [Topic=__consumer_offsets,Partition=20,Replica=0] -> OnlineReplica, [Topic=__consumer_offsets,Partition=31,Replica=0] -> OnlineReplica, [Topic=__consumer_offsets,Partition=28,Replica=0] -> OnlineReplica, [Topic=__consumer_offsets,Partition=26,Replica=0] -> OnlineReplica, [Topic=__consumer_offsets,Partition=2,Replica=0] -> OnlineReplica, [Topic=__consumer_offsets,Partition=33,Replica=0] -> OnlineReplica, [Topic=__consumer_offsets,Partition=22,Replica=0] -> OnlineReplica, [Topic=__consumer_offsets,Partition=21,Replica=0] -> OnlineReplica, [Topic=__consumer_offsets,Partition=13,Replica=0] -> OnlineReplica, [Topic=__consumer_offsets,Partition=35,Replica=0] -> OnlineReplica) (kafka.controller.ZkReplicaStateMachine)
[2024-04-14 14:45:46,448] INFO [PartitionStateMachine controllerId=0] Initializing partition state (kafka.controller.ZkPartitionStateMachine)
[2024-04-14 14:45:46,451] INFO [PartitionStateMachine controllerId=0] Triggering online partition state changes (kafka.controller.ZkPartitionStateMachine)
[2024-04-14 14:45:46,452] DEBUG [PartitionStateMachine controllerId=0] Started partition state machine with initial state -> HashMap(__consumer_offsets-13 -> OnlinePartition, __consumer_offsets-46 -> OnlinePartition, __consumer_offsets-9 -> OnlinePartition, __consumer_offsets-42 -> OnlinePartition, __consumer_offsets-21 -> OnlinePartition, __consumer_offsets-17 -> OnlinePartition, __consumer_offsets-30 -> OnlinePartition, __consumer_offsets-26 -> OnlinePartition, __consumer_offsets-5 -> OnlinePartition, __consumer_offsets-38 -> OnlinePartition, __consumer_offsets-1 -> OnlinePartition, __consumer_offsets-34 -> OnlinePartition, __consumer_offsets-16 -> OnlinePartition, __consumer_offsets-45 -> OnlinePartition, __consumer_offsets-12 -> OnlinePartition, __consumer_offsets-41 -> OnlinePartition, __consumer_offsets-24 -> OnlinePartition, __consumer_offsets-20 -> OnlinePartition, __consumer_offsets-49 -> OnlinePartition, __consumer_offsets-0 -> OnlinePartition, __consumer_offsets-29 -> OnlinePartition, __consumer_offsets-25 -> OnlinePartition, __consumer_offsets-8 -> OnlinePartition, __consumer_offsets-37 -> OnlinePartition, __consumer_offsets-4 -> OnlinePartition, __consumer_offsets-33 -> OnlinePartition, __consumer_offsets-15 -> OnlinePartition, __consumer_offsets-48 -> OnlinePartition, __consumer_offsets-11 -> OnlinePartition, __consumer_offsets-44 -> OnlinePartition, __consumer_offsets-23 -> OnlinePartition, __consumer_offsets-19 -> OnlinePartition, __consumer_offsets-32 -> OnlinePartition, __consumer_offsets-28 -> OnlinePartition, __consumer_offsets-7 -> OnlinePartition, __consumer_offsets-40 -> OnlinePartition, __consumer_offsets-3 -> OnlinePartition, __consumer_offsets-36 -> OnlinePartition, __consumer_offsets-47 -> OnlinePartition, __consumer_offsets-14 -> OnlinePartition, __consumer_offsets-43 -> OnlinePartition, __consumer_offsets-10 -> OnlinePartition, __consumer_offsets-22 -> OnlinePartition, Product-Category-0 -> OnlinePartition, __consumer_offsets-18 -> OnlinePartition, __consumer_offsets-31 -> OnlinePartition, __consumer_offsets-27 -> OnlinePartition, __consumer_offsets-39 -> OnlinePartition, __consumer_offsets-6 -> OnlinePartition, __consumer_offsets-35 -> OnlinePartition, __consumer_offsets-2 -> OnlinePartition) (kafka.controller.ZkPartitionStateMachine)
[2024-04-14 14:45:46,453] INFO [Controller id=0] Ready to serve as the new controller with epoch 2 (kafka.controller.KafkaController)
[2024-04-14 14:45:46,457] INFO [Controller id=0] Partitions undergoing preferred replica election:  (kafka.controller.KafkaController)
[2024-04-14 14:45:46,457] INFO [Controller id=0] Partitions that completed preferred replica election:  (kafka.controller.KafkaController)
[2024-04-14 14:45:46,457] INFO [Controller id=0] Skipping preferred replica election for partitions due to topic deletion:  (kafka.controller.KafkaController)
[2024-04-14 14:45:46,458] INFO [Controller id=0] Resuming preferred replica election for partitions:  (kafka.controller.KafkaController)
[2024-04-14 14:45:46,459] INFO [Controller id=0] Starting replica leader election (PREFERRED) for partitions  triggered by ZkTriggered (kafka.controller.KafkaController)
[2024-04-14 14:45:46,502] INFO [Controller id=0] Starting the controller scheduler (kafka.controller.KafkaController)
[2024-04-14 14:45:46,923] INFO [RequestSendThread controllerId=0] Controller 0 connected to Josh.mshome.net:9092 (id: 0 rack: null) for sending state change requests (kafka.controller.RequestSendThread)
[2024-04-14 14:45:51,514] INFO [Controller id=0] Processing automatic preferred replica leader election (kafka.controller.KafkaController)
[2024-04-14 14:45:51,515] TRACE [Controller id=0] Checking need to trigger auto leader balancing (kafka.controller.KafkaController)
[2024-04-14 14:45:51,520] DEBUG [Controller id=0] Topics not in preferred replica for broker 0 HashMap() (kafka.controller.KafkaController)
[2024-04-14 14:45:51,521] TRACE [Controller id=0] Leader imbalance ratio for broker 0 is 0.0 (kafka.controller.KafkaController)
[2024-04-14 14:46:54,339] INFO [ControllerEventThread controllerId=0] Starting (kafka.controller.ControllerEventManager$ControllerEventThread)
[2024-04-14 14:46:54,389] INFO [Controller id=0] 0 successfully elected as the controller. Epoch incremented to 3 and epoch zk version is now 3 (kafka.controller.KafkaController)
[2024-04-14 14:46:54,391] INFO [Controller id=0] Registering handlers (kafka.controller.KafkaController)
[2024-04-14 14:46:54,394] INFO [Controller id=0] Deleting log dir event notifications (kafka.controller.KafkaController)
[2024-04-14 14:46:54,396] INFO [Controller id=0] Deleting isr change notifications (kafka.controller.KafkaController)
[2024-04-14 14:46:54,398] INFO [Controller id=0] Initializing controller context (kafka.controller.KafkaController)
[2024-04-14 14:46:54,410] INFO [Controller id=0] Initialized broker epochs cache: HashMap(0 -> 192) (kafka.controller.KafkaController)
[2024-04-14 14:46:54,422] DEBUG [Controller id=0] Register BrokerModifications handler for Set(0) (kafka.controller.KafkaController)
[2024-04-14 14:46:54,449] DEBUG [Channel manager on controller 0]: Controller 0 trying to connect to broker 0 (kafka.controller.ControllerChannelManager)
[2024-04-14 14:46:54,454] INFO [RequestSendThread controllerId=0] Starting (kafka.controller.RequestSendThread)
[2024-04-14 14:46:54,455] INFO [Controller id=0] Currently active brokers in the cluster: Set(0) (kafka.controller.KafkaController)
[2024-04-14 14:46:54,455] INFO [Controller id=0] Currently shutting brokers in the cluster: HashSet() (kafka.controller.KafkaController)
[2024-04-14 14:46:54,455] INFO [Controller id=0] Current list of topics in the cluster: HashSet(Product-Category, __consumer_offsets) (kafka.controller.KafkaController)
[2024-04-14 14:46:54,456] INFO [Controller id=0] Fetching topic deletions in progress (kafka.controller.KafkaController)
[2024-04-14 14:46:54,461] INFO [Controller id=0] List of topics to be deleted:  (kafka.controller.KafkaController)
[2024-04-14 14:46:54,461] INFO [Controller id=0] List of topics ineligible for deletion:  (kafka.controller.KafkaController)
[2024-04-14 14:46:54,461] INFO [Controller id=0] Initializing topic deletion manager (kafka.controller.KafkaController)
[2024-04-14 14:46:54,462] INFO [Topic Deletion Manager 0] Initializing manager with initial deletions: Set(), initial ineligible deletions: HashSet() (kafka.controller.TopicDeletionManager)
[2024-04-14 14:46:54,462] INFO [Controller id=0] Sending update metadata request (kafka.controller.KafkaController)
[2024-04-14 14:46:54,474] INFO [ReplicaStateMachine controllerId=0] Initializing replica state (kafka.controller.ZkReplicaStateMachine)
[2024-04-14 14:46:54,478] INFO [ReplicaStateMachine controllerId=0] Triggering online replica state changes (kafka.controller.ZkReplicaStateMachine)
[2024-04-14 14:46:54,499] INFO [ReplicaStateMachine controllerId=0] Triggering offline replica state changes (kafka.controller.ZkReplicaStateMachine)
[2024-04-14 14:46:54,499] DEBUG [ReplicaStateMachine controllerId=0] Started replica state machine with initial state -> HashMap([Topic=__consumer_offsets,Partition=40,Replica=0] -> OnlineReplica, [Topic=__consumer_offsets,Partition=27,Replica=0] -> OnlineReplica, [Topic=__consumer_offsets,Partition=49,Replica=0] -> OnlineReplica, [Topic=__consumer_offsets,Partition=47,Replica=0] -> OnlineReplica, [Topic=__consumer_offsets,Partition=3,Replica=0] -> OnlineReplica, [Topic=__consumer_offsets,Partition=18,Replica=0] -> OnlineReplica, [Topic=__consumer_offsets,Partition=44,Replica=0] -> OnlineReplica, [Topic=__consumer_offsets,Partition=8,Replica=0] -> OnlineReplica, [Topic=__consumer_offsets,Partition=34,Replica=0] -> OnlineReplica, [Topic=__consumer_offsets,Partition=25,Replica=0] -> OnlineReplica, [Topic=__consumer_offsets,Partition=14,Replica=0] -> OnlineReplica, [Topic=__consumer_offsets,Partition=24,Replica=0] -> OnlineReplica, [Topic=__consumer_offsets,Partition=36,Replica=0] -> OnlineReplica, [Topic=__consumer_offsets,Partition=42,Replica=0] -> OnlineReplica, [Topic=__consumer_offsets,Partition=45,Replica=0] -> OnlineReplica, [Topic=__consumer_offsets,Partition=11,Replica=0] -> OnlineReplica, [Topic=__consumer_offsets,Partition=32,Replica=0] -> OnlineReplica, [Topic=__consumer_offsets,Partition=12,Replica=0] -> OnlineReplica, [Topic=__consumer_offsets,Partition=30,Replica=0] -> OnlineReplica, [Topic=__consumer_offsets,Partition=9,Replica=0] -> OnlineReplica, [Topic=__consumer_offsets,Partition=39,Replica=0] -> OnlineReplica, [Topic=__consumer_offsets,Partition=38,Replica=0] -> OnlineReplica, [Topic=__consumer_offsets,Partition=23,Replica=0] -> OnlineReplica, [Topic=__consumer_offsets,Partition=19,Replica=0] -> OnlineReplica, [Topic=__consumer_offsets,Partition=17,Replica=0] -> OnlineReplica, [Topic=__consumer_offsets,Partition=41,Replica=0] -> OnlineReplica, [Topic=__consumer_offsets,Partition=37,Replica=0] -> OnlineReplica, [Topic=__consumer_offsets,Partition=48,Replica=0] -> OnlineReplica, [Topic=__consumer_offsets,Partition=29,Replica=0] -> OnlineReplica, [Topic=__consumer_offsets,Partition=10,Replica=0] -> OnlineReplica, [Topic=__consumer_offsets,Partition=46,Replica=0] -> OnlineReplica, [Topic=Product-Category,Partition=0,Replica=0] -> OnlineReplica, [Topic=__consumer_offsets,Partition=1,Replica=0] -> OnlineReplica, [Topic=__consumer_offsets,Partition=16,Replica=0] -> OnlineReplica, [Topic=__consumer_offsets,Partition=5,Replica=0] -> OnlineReplica, [Topic=__consumer_offsets,Partition=15,Replica=0] -> OnlineReplica, [Topic=__consumer_offsets,Partition=4,Replica=0] -> OnlineReplica, [Topic=__consumer_offsets,Partition=6,Replica=0] -> OnlineReplica, [Topic=__consumer_offsets,Partition=7,Replica=0] -> OnlineReplica, [Topic=__consumer_offsets,Partition=43,Replica=0] -> OnlineReplica, [Topic=__consumer_offsets,Partition=0,Replica=0] -> OnlineReplica, [Topic=__consumer_offsets,Partition=20,Replica=0] -> OnlineReplica, [Topic=__consumer_offsets,Partition=31,Replica=0] -> OnlineReplica, [Topic=__consumer_offsets,Partition=28,Replica=0] -> OnlineReplica, [Topic=__consumer_offsets,Partition=26,Replica=0] -> OnlineReplica, [Topic=__consumer_offsets,Partition=2,Replica=0] -> OnlineReplica, [Topic=__consumer_offsets,Partition=33,Replica=0] -> OnlineReplica, [Topic=__consumer_offsets,Partition=22,Replica=0] -> OnlineReplica, [Topic=__consumer_offsets,Partition=21,Replica=0] -> OnlineReplica, [Topic=__consumer_offsets,Partition=13,Replica=0] -> OnlineReplica, [Topic=__consumer_offsets,Partition=35,Replica=0] -> OnlineReplica) (kafka.controller.ZkReplicaStateMachine)
[2024-04-14 14:46:54,500] INFO [PartitionStateMachine controllerId=0] Initializing partition state (kafka.controller.ZkPartitionStateMachine)
[2024-04-14 14:46:54,504] INFO [PartitionStateMachine controllerId=0] Triggering online partition state changes (kafka.controller.ZkPartitionStateMachine)
[2024-04-14 14:46:54,506] DEBUG [PartitionStateMachine controllerId=0] Started partition state machine with initial state -> HashMap(__consumer_offsets-13 -> OnlinePartition, __consumer_offsets-46 -> OnlinePartition, __consumer_offsets-9 -> OnlinePartition, __consumer_offsets-42 -> OnlinePartition, __consumer_offsets-21 -> OnlinePartition, __consumer_offsets-17 -> OnlinePartition, __consumer_offsets-30 -> OnlinePartition, __consumer_offsets-26 -> OnlinePartition, __consumer_offsets-5 -> OnlinePartition, __consumer_offsets-38 -> OnlinePartition, __consumer_offsets-1 -> OnlinePartition, __consumer_offsets-34 -> OnlinePartition, __consumer_offsets-16 -> OnlinePartition, __consumer_offsets-45 -> OnlinePartition, __consumer_offsets-12 -> OnlinePartition, __consumer_offsets-41 -> OnlinePartition, __consumer_offsets-24 -> OnlinePartition, __consumer_offsets-20 -> OnlinePartition, __consumer_offsets-49 -> OnlinePartition, __consumer_offsets-0 -> OnlinePartition, __consumer_offsets-29 -> OnlinePartition, __consumer_offsets-25 -> OnlinePartition, __consumer_offsets-8 -> OnlinePartition, __consumer_offsets-37 -> OnlinePartition, __consumer_offsets-4 -> OnlinePartition, __consumer_offsets-33 -> OnlinePartition, __consumer_offsets-15 -> OnlinePartition, __consumer_offsets-48 -> OnlinePartition, __consumer_offsets-11 -> OnlinePartition, __consumer_offsets-44 -> OnlinePartition, __consumer_offsets-23 -> OnlinePartition, __consumer_offsets-19 -> OnlinePartition, __consumer_offsets-32 -> OnlinePartition, __consumer_offsets-28 -> OnlinePartition, __consumer_offsets-7 -> OnlinePartition, __consumer_offsets-40 -> OnlinePartition, __consumer_offsets-3 -> OnlinePartition, __consumer_offsets-36 -> OnlinePartition, __consumer_offsets-47 -> OnlinePartition, __consumer_offsets-14 -> OnlinePartition, __consumer_offsets-43 -> OnlinePartition, __consumer_offsets-10 -> OnlinePartition, __consumer_offsets-22 -> OnlinePartition, Product-Category-0 -> OnlinePartition, __consumer_offsets-18 -> OnlinePartition, __consumer_offsets-31 -> OnlinePartition, __consumer_offsets-27 -> OnlinePartition, __consumer_offsets-39 -> OnlinePartition, __consumer_offsets-6 -> OnlinePartition, __consumer_offsets-35 -> OnlinePartition, __consumer_offsets-2 -> OnlinePartition) (kafka.controller.ZkPartitionStateMachine)
[2024-04-14 14:46:54,506] INFO [Controller id=0] Ready to serve as the new controller with epoch 3 (kafka.controller.KafkaController)
[2024-04-14 14:46:54,510] INFO [Controller id=0] Partitions undergoing preferred replica election:  (kafka.controller.KafkaController)
[2024-04-14 14:46:54,510] INFO [Controller id=0] Partitions that completed preferred replica election:  (kafka.controller.KafkaController)
[2024-04-14 14:46:54,511] INFO [Controller id=0] Skipping preferred replica election for partitions due to topic deletion:  (kafka.controller.KafkaController)
[2024-04-14 14:46:54,511] INFO [Controller id=0] Resuming preferred replica election for partitions:  (kafka.controller.KafkaController)
[2024-04-14 14:46:54,512] INFO [Controller id=0] Starting replica leader election (PREFERRED) for partitions  triggered by ZkTriggered (kafka.controller.KafkaController)
[2024-04-14 14:46:54,549] INFO [Controller id=0] Starting the controller scheduler (kafka.controller.KafkaController)
[2024-04-14 14:46:54,985] INFO [RequestSendThread controllerId=0] Controller 0 connected to Josh.mshome.net:9092 (id: 0 rack: null) for sending state change requests (kafka.controller.RequestSendThread)
[2024-04-14 14:46:59,555] INFO [Controller id=0] Processing automatic preferred replica leader election (kafka.controller.KafkaController)
[2024-04-14 14:46:59,556] TRACE [Controller id=0] Checking need to trigger auto leader balancing (kafka.controller.KafkaController)
[2024-04-14 14:46:59,561] DEBUG [Controller id=0] Topics not in preferred replica for broker 0 HashMap() (kafka.controller.KafkaController)
[2024-04-14 14:46:59,562] TRACE [Controller id=0] Leader imbalance ratio for broker 0 is 0.0 (kafka.controller.KafkaController)
[2024-04-14 14:49:02,470] INFO [Controller id=0] New topics: [HashSet(ProductReview, ProductSold, ShoppingBag, SellerReview)], deleted topics: [HashSet()], new partition replica assignment [Set(TopicIdReplicaAssignment(SellerReview,Some(ni4ZZFaIQA2oQIL2zneqJw),Map(SellerReview-0 -> ReplicaAssignment(replicas=0, addingReplicas=, removingReplicas=))), TopicIdReplicaAssignment(ShoppingBag,Some(v2ZjdJ6YTEKKm0epRhZlHg),Map(ShoppingBag-0 -> ReplicaAssignment(replicas=0, addingReplicas=, removingReplicas=))), TopicIdReplicaAssignment(ProductSold,Some(Qf5mfb8HQBubpalCjXhWsQ),Map(ProductSold-0 -> ReplicaAssignment(replicas=0, addingReplicas=, removingReplicas=))), TopicIdReplicaAssignment(ProductReview,Some(0t18BydDThCh_YVLmXE-jg),Map(ProductReview-0 -> ReplicaAssignment(replicas=0, addingReplicas=, removingReplicas=))))] (kafka.controller.KafkaController)
[2024-04-14 14:49:02,471] INFO [Controller id=0] New partition creation callback for SellerReview-0,ShoppingBag-0,ProductSold-0,ProductReview-0 (kafka.controller.KafkaController)
[2024-04-14 14:49:13,077] INFO [Controller id=0] New topics: [HashSet(Click)], deleted topics: [HashSet()], new partition replica assignment [Set(TopicIdReplicaAssignment(Click,Some(Kk_l_bcNS6qe2bdI7z9z9A),Map(Click-0 -> ReplicaAssignment(replicas=0, addingReplicas=, removingReplicas=))))] (kafka.controller.KafkaController)
[2024-04-14 14:49:13,077] INFO [Controller id=0] New partition creation callback for Click-0 (kafka.controller.KafkaController)
[2024-04-14 14:51:25,709] INFO [ControllerEventThread controllerId=0] Starting (kafka.controller.ControllerEventManager$ControllerEventThread)
[2024-04-14 14:51:25,749] INFO [Controller id=0] 0 successfully elected as the controller. Epoch incremented to 4 and epoch zk version is now 4 (kafka.controller.KafkaController)
[2024-04-14 14:51:25,751] INFO [Controller id=0] Registering handlers (kafka.controller.KafkaController)
[2024-04-14 14:51:25,754] INFO [Controller id=0] Deleting log dir event notifications (kafka.controller.KafkaController)
[2024-04-14 14:51:25,756] INFO [Controller id=0] Deleting isr change notifications (kafka.controller.KafkaController)
[2024-04-14 14:51:25,758] INFO [Controller id=0] Initializing controller context (kafka.controller.KafkaController)
[2024-04-14 14:51:25,774] INFO [Controller id=0] Initialized broker epochs cache: HashMap(0 -> 241) (kafka.controller.KafkaController)
[2024-04-14 14:51:25,797] DEBUG [Controller id=0] Register BrokerModifications handler for Set(0) (kafka.controller.KafkaController)
[2024-04-14 14:51:25,837] DEBUG [Channel manager on controller 0]: Controller 0 trying to connect to broker 0 (kafka.controller.ControllerChannelManager)
[2024-04-14 14:51:25,845] INFO [RequestSendThread controllerId=0] Starting (kafka.controller.RequestSendThread)
[2024-04-14 14:51:25,847] INFO [Controller id=0] Currently active brokers in the cluster: Set(0) (kafka.controller.KafkaController)
[2024-04-14 14:51:25,847] INFO [Controller id=0] Currently shutting brokers in the cluster: HashSet() (kafka.controller.KafkaController)
[2024-04-14 14:51:25,848] INFO [Controller id=0] Current list of topics in the cluster: HashSet(ShoppingBag, ProductSold, SellerReview, Click, Product-Category, __consumer_offsets, ProductReview) (kafka.controller.KafkaController)
[2024-04-14 14:51:25,848] INFO [Controller id=0] Fetching topic deletions in progress (kafka.controller.KafkaController)
[2024-04-14 14:51:25,854] INFO [Controller id=0] List of topics to be deleted:  (kafka.controller.KafkaController)
[2024-04-14 14:51:25,855] INFO [Controller id=0] List of topics ineligible for deletion:  (kafka.controller.KafkaController)
[2024-04-14 14:51:25,855] INFO [Controller id=0] Initializing topic deletion manager (kafka.controller.KafkaController)
[2024-04-14 14:51:25,856] INFO [Topic Deletion Manager 0] Initializing manager with initial deletions: Set(), initial ineligible deletions: HashSet() (kafka.controller.TopicDeletionManager)
[2024-04-14 14:51:25,857] INFO [Controller id=0] Sending update metadata request (kafka.controller.KafkaController)
[2024-04-14 14:51:25,876] INFO [ReplicaStateMachine controllerId=0] Initializing replica state (kafka.controller.ZkReplicaStateMachine)
[2024-04-14 14:51:25,883] INFO [ReplicaStateMachine controllerId=0] Triggering online replica state changes (kafka.controller.ZkReplicaStateMachine)
[2024-04-14 14:51:25,915] INFO [ReplicaStateMachine controllerId=0] Triggering offline replica state changes (kafka.controller.ZkReplicaStateMachine)
[2024-04-14 14:51:25,916] DEBUG [ReplicaStateMachine controllerId=0] Started replica state machine with initial state -> HashMap([Topic=__consumer_offsets,Partition=40,Replica=0] -> OnlineReplica, [Topic=__consumer_offsets,Partition=27,Replica=0] -> OnlineReplica, [Topic=__consumer_offsets,Partition=49,Replica=0] -> OnlineReplica, [Topic=__consumer_offsets,Partition=47,Replica=0] -> OnlineReplica, [Topic=__consumer_offsets,Partition=3,Replica=0] -> OnlineReplica, [Topic=__consumer_offsets,Partition=18,Replica=0] -> OnlineReplica, [Topic=__consumer_offsets,Partition=44,Replica=0] -> OnlineReplica, [Topic=__consumer_offsets,Partition=8,Replica=0] -> OnlineReplica, [Topic=__consumer_offsets,Partition=34,Replica=0] -> OnlineReplica, [Topic=__consumer_offsets,Partition=25,Replica=0] -> OnlineReplica, [Topic=__consumer_offsets,Partition=14,Replica=0] -> OnlineReplica, [Topic=__consumer_offsets,Partition=24,Replica=0] -> OnlineReplica, [Topic=__consumer_offsets,Partition=36,Replica=0] -> OnlineReplica, [Topic=__consumer_offsets,Partition=42,Replica=0] -> OnlineReplica, [Topic=__consumer_offsets,Partition=45,Replica=0] -> OnlineReplica, [Topic=__consumer_offsets,Partition=11,Replica=0] -> OnlineReplica, [Topic=__consumer_offsets,Partition=32,Replica=0] -> OnlineReplica, [Topic=__consumer_offsets,Partition=12,Replica=0] -> OnlineReplica, [Topic=__consumer_offsets,Partition=30,Replica=0] -> OnlineReplica, [Topic=__consumer_offsets,Partition=9,Replica=0] -> OnlineReplica, [Topic=__consumer_offsets,Partition=39,Replica=0] -> OnlineReplica, [Topic=__consumer_offsets,Partition=38,Replica=0] -> OnlineReplica, [Topic=SellerReview,Partition=0,Replica=0] -> OnlineReplica, [Topic=__consumer_offsets,Partition=23,Replica=0] -> OnlineReplica, [Topic=__consumer_offsets,Partition=19,Replica=0] -> OnlineReplica, [Topic=__consumer_offsets,Partition=17,Replica=0] -> OnlineReplica, [Topic=__consumer_offsets,Partition=41,Replica=0] -> OnlineReplica, [Topic=__consumer_offsets,Partition=37,Replica=0] -> OnlineReplica, [Topic=__consumer_offsets,Partition=48,Replica=0] -> OnlineReplica, [Topic=ShoppingBag,Partition=0,Replica=0] -> OnlineReplica, [Topic=__consumer_offsets,Partition=29,Replica=0] -> OnlineReplica, [Topic=__consumer_offsets,Partition=10,Replica=0] -> OnlineReplica, [Topic=__consumer_offsets,Partition=46,Replica=0] -> OnlineReplica, [Topic=Product-Category,Partition=0,Replica=0] -> OnlineReplica, [Topic=ProductSold,Partition=0,Replica=0] -> OnlineReplica, [Topic=__consumer_offsets,Partition=1,Replica=0] -> OnlineReplica, [Topic=__consumer_offsets,Partition=16,Replica=0] -> OnlineReplica, [Topic=__consumer_offsets,Partition=5,Replica=0] -> OnlineReplica, [Topic=__consumer_offsets,Partition=15,Replica=0] -> OnlineReplica, [Topic=__consumer_offsets,Partition=4,Replica=0] -> OnlineReplica, [Topic=__consumer_offsets,Partition=6,Replica=0] -> OnlineReplica, [Topic=__consumer_offsets,Partition=7,Replica=0] -> OnlineReplica, [Topic=__consumer_offsets,Partition=43,Replica=0] -> OnlineReplica, [Topic=__consumer_offsets,Partition=0,Replica=0] -> OnlineReplica, [Topic=__consumer_offsets,Partition=20,Replica=0] -> OnlineReplica, [Topic=__consumer_offsets,Partition=31,Replica=0] -> OnlineReplica, [Topic=__consumer_offsets,Partition=28,Replica=0] -> OnlineReplica, [Topic=ProductReview,Partition=0,Replica=0] -> OnlineReplica, [Topic=__consumer_offsets,Partition=26,Replica=0] -> OnlineReplica, [Topic=__consumer_offsets,Partition=2,Replica=0] -> OnlineReplica, [Topic=__consumer_offsets,Partition=33,Replica=0] -> OnlineReplica, [Topic=__consumer_offsets,Partition=22,Replica=0] -> OnlineReplica, [Topic=__consumer_offsets,Partition=21,Replica=0] -> OnlineReplica, [Topic=Click,Partition=0,Replica=0] -> OnlineReplica, [Topic=__consumer_offsets,Partition=13,Replica=0] -> OnlineReplica, [Topic=__consumer_offsets,Partition=35,Replica=0] -> OnlineReplica) (kafka.controller.ZkReplicaStateMachine)
[2024-04-14 14:51:25,917] INFO [PartitionStateMachine controllerId=0] Initializing partition state (kafka.controller.ZkPartitionStateMachine)
[2024-04-14 14:51:25,922] INFO [PartitionStateMachine controllerId=0] Triggering online partition state changes (kafka.controller.ZkPartitionStateMachine)
[2024-04-14 14:51:25,924] DEBUG [PartitionStateMachine controllerId=0] Started partition state machine with initial state -> HashMap(ProductReview-0 -> OnlinePartition, __consumer_offsets-13 -> OnlinePartition, __consumer_offsets-46 -> OnlinePartition, ProductSold-0 -> OnlinePartition, __consumer_offsets-9 -> OnlinePartition, __consumer_offsets-42 -> OnlinePartition, __consumer_offsets-21 -> OnlinePartition, __consumer_offsets-17 -> OnlinePartition, __consumer_offsets-30 -> OnlinePartition, __consumer_offsets-26 -> OnlinePartition, __consumer_offsets-5 -> OnlinePartition, __consumer_offsets-38 -> OnlinePartition, __consumer_offsets-1 -> OnlinePartition, __consumer_offsets-34 -> OnlinePartition, __consumer_offsets-16 -> OnlinePartition, __consumer_offsets-45 -> OnlinePartition, __consumer_offsets-12 -> OnlinePartition, __consumer_offsets-41 -> OnlinePartition, SellerReview-0 -> OnlinePartition, __consumer_offsets-24 -> OnlinePartition, __consumer_offsets-20 -> OnlinePartition, __consumer_offsets-49 -> OnlinePartition, __consumer_offsets-0 -> OnlinePartition, __consumer_offsets-29 -> OnlinePartition, __consumer_offsets-25 -> OnlinePartition, __consumer_offsets-8 -> OnlinePartition, __consumer_offsets-37 -> OnlinePartition, __consumer_offsets-4 -> OnlinePartition, __consumer_offsets-33 -> OnlinePartition, __consumer_offsets-15 -> OnlinePartition, __consumer_offsets-48 -> OnlinePartition, __consumer_offsets-11 -> OnlinePartition, __consumer_offsets-44 -> OnlinePartition, __consumer_offsets-23 -> OnlinePartition, Click-0 -> OnlinePartition, __consumer_offsets-19 -> OnlinePartition, __consumer_offsets-32 -> OnlinePartition, __consumer_offsets-28 -> OnlinePartition, __consumer_offsets-7 -> OnlinePartition, __consumer_offsets-40 -> OnlinePartition, __consumer_offsets-3 -> OnlinePartition, __consumer_offsets-36 -> OnlinePartition, __consumer_offsets-47 -> OnlinePartition, __consumer_offsets-14 -> OnlinePartition, __consumer_offsets-43 -> OnlinePartition, __consumer_offsets-10 -> OnlinePartition, __consumer_offsets-22 -> OnlinePartition, Product-Category-0 -> OnlinePartition, __consumer_offsets-18 -> OnlinePartition, __consumer_offsets-31 -> OnlinePartition, ShoppingBag-0 -> OnlinePartition, __consumer_offsets-27 -> OnlinePartition, __consumer_offsets-39 -> OnlinePartition, __consumer_offsets-6 -> OnlinePartition, __consumer_offsets-35 -> OnlinePartition, __consumer_offsets-2 -> OnlinePartition) (kafka.controller.ZkPartitionStateMachine)
[2024-04-14 14:51:25,925] INFO [Controller id=0] Ready to serve as the new controller with epoch 4 (kafka.controller.KafkaController)
[2024-04-14 14:51:25,929] INFO [Controller id=0] Partitions undergoing preferred replica election:  (kafka.controller.KafkaController)
[2024-04-14 14:51:25,930] INFO [Controller id=0] Partitions that completed preferred replica election:  (kafka.controller.KafkaController)
[2024-04-14 14:51:25,930] INFO [Controller id=0] Skipping preferred replica election for partitions due to topic deletion:  (kafka.controller.KafkaController)
[2024-04-14 14:51:25,930] INFO [Controller id=0] Resuming preferred replica election for partitions:  (kafka.controller.KafkaController)
[2024-04-14 14:51:25,932] INFO [Controller id=0] Starting replica leader election (PREFERRED) for partitions  triggered by ZkTriggered (kafka.controller.KafkaController)
[2024-04-14 14:51:25,977] INFO [Controller id=0] Starting the controller scheduler (kafka.controller.KafkaController)
[2024-04-14 14:51:26,379] INFO [RequestSendThread controllerId=0] Controller 0 connected to Josh.mshome.net:9092 (id: 0 rack: null) for sending state change requests (kafka.controller.RequestSendThread)
[2024-04-14 14:51:30,991] INFO [Controller id=0] Processing automatic preferred replica leader election (kafka.controller.KafkaController)
[2024-04-14 14:51:30,991] TRACE [Controller id=0] Checking need to trigger auto leader balancing (kafka.controller.KafkaController)
[2024-04-14 14:51:30,994] DEBUG [Controller id=0] Topics not in preferred replica for broker 0 HashMap() (kafka.controller.KafkaController)
[2024-04-14 14:51:30,995] TRACE [Controller id=0] Leader imbalance ratio for broker 0 is 0.0 (kafka.controller.KafkaController)
[2024-04-14 14:52:20,722] INFO [ControllerEventThread controllerId=0] Starting (kafka.controller.ControllerEventManager$ControllerEventThread)
[2024-04-14 14:52:20,770] INFO [Controller id=0] 0 successfully elected as the controller. Epoch incremented to 5 and epoch zk version is now 5 (kafka.controller.KafkaController)
[2024-04-14 14:52:20,772] INFO [Controller id=0] Registering handlers (kafka.controller.KafkaController)
[2024-04-14 14:52:20,775] INFO [Controller id=0] Deleting log dir event notifications (kafka.controller.KafkaController)
[2024-04-14 14:52:20,779] INFO [Controller id=0] Deleting isr change notifications (kafka.controller.KafkaController)
[2024-04-14 14:52:20,782] INFO [Controller id=0] Initializing controller context (kafka.controller.KafkaController)
[2024-04-14 14:52:20,800] INFO [Controller id=0] Initialized broker epochs cache: HashMap(0 -> 260) (kafka.controller.KafkaController)
[2024-04-14 14:52:20,824] DEBUG [Controller id=0] Register BrokerModifications handler for Set(0) (kafka.controller.KafkaController)
[2024-04-14 14:52:20,871] DEBUG [Channel manager on controller 0]: Controller 0 trying to connect to broker 0 (kafka.controller.ControllerChannelManager)
[2024-04-14 14:52:20,879] INFO [RequestSendThread controllerId=0] Starting (kafka.controller.RequestSendThread)
[2024-04-14 14:52:20,882] INFO [Controller id=0] Currently active brokers in the cluster: Set(0) (kafka.controller.KafkaController)
[2024-04-14 14:52:20,882] INFO [Controller id=0] Currently shutting brokers in the cluster: HashSet() (kafka.controller.KafkaController)
[2024-04-14 14:52:20,883] INFO [Controller id=0] Current list of topics in the cluster: HashSet(ShoppingBag, ProductSold, SellerReview, Click, Product-Category, __consumer_offsets, ProductReview) (kafka.controller.KafkaController)
[2024-04-14 14:52:20,883] INFO [Controller id=0] Fetching topic deletions in progress (kafka.controller.KafkaController)
[2024-04-14 14:52:20,890] INFO [Controller id=0] List of topics to be deleted:  (kafka.controller.KafkaController)
[2024-04-14 14:52:20,891] INFO [Controller id=0] List of topics ineligible for deletion:  (kafka.controller.KafkaController)
[2024-04-14 14:52:20,891] INFO [Controller id=0] Initializing topic deletion manager (kafka.controller.KafkaController)
[2024-04-14 14:52:20,892] INFO [Topic Deletion Manager 0] Initializing manager with initial deletions: Set(), initial ineligible deletions: HashSet() (kafka.controller.TopicDeletionManager)
[2024-04-14 14:52:20,893] INFO [Controller id=0] Sending update metadata request (kafka.controller.KafkaController)
[2024-04-14 14:52:20,913] INFO [ReplicaStateMachine controllerId=0] Initializing replica state (kafka.controller.ZkReplicaStateMachine)
[2024-04-14 14:52:20,920] INFO [ReplicaStateMachine controllerId=0] Triggering online replica state changes (kafka.controller.ZkReplicaStateMachine)
[2024-04-14 14:52:20,949] INFO [ReplicaStateMachine controllerId=0] Triggering offline replica state changes (kafka.controller.ZkReplicaStateMachine)
[2024-04-14 14:52:20,950] DEBUG [ReplicaStateMachine controllerId=0] Started replica state machine with initial state -> HashMap([Topic=__consumer_offsets,Partition=40,Replica=0] -> OnlineReplica, [Topic=__consumer_offsets,Partition=27,Replica=0] -> OnlineReplica, [Topic=__consumer_offsets,Partition=49,Replica=0] -> OnlineReplica, [Topic=__consumer_offsets,Partition=47,Replica=0] -> OnlineReplica, [Topic=__consumer_offsets,Partition=3,Replica=0] -> OnlineReplica, [Topic=__consumer_offsets,Partition=18,Replica=0] -> OnlineReplica, [Topic=__consumer_offsets,Partition=44,Replica=0] -> OnlineReplica, [Topic=__consumer_offsets,Partition=8,Replica=0] -> OnlineReplica, [Topic=__consumer_offsets,Partition=34,Replica=0] -> OnlineReplica, [Topic=__consumer_offsets,Partition=25,Replica=0] -> OnlineReplica, [Topic=__consumer_offsets,Partition=14,Replica=0] -> OnlineReplica, [Topic=__consumer_offsets,Partition=24,Replica=0] -> OnlineReplica, [Topic=__consumer_offsets,Partition=36,Replica=0] -> OnlineReplica, [Topic=__consumer_offsets,Partition=42,Replica=0] -> OnlineReplica, [Topic=__consumer_offsets,Partition=45,Replica=0] -> OnlineReplica, [Topic=__consumer_offsets,Partition=11,Replica=0] -> OnlineReplica, [Topic=__consumer_offsets,Partition=32,Replica=0] -> OnlineReplica, [Topic=__consumer_offsets,Partition=12,Replica=0] -> OnlineReplica, [Topic=__consumer_offsets,Partition=30,Replica=0] -> OnlineReplica, [Topic=__consumer_offsets,Partition=9,Replica=0] -> OnlineReplica, [Topic=__consumer_offsets,Partition=39,Replica=0] -> OnlineReplica, [Topic=__consumer_offsets,Partition=38,Replica=0] -> OnlineReplica, [Topic=SellerReview,Partition=0,Replica=0] -> OnlineReplica, [Topic=__consumer_offsets,Partition=23,Replica=0] -> OnlineReplica, [Topic=__consumer_offsets,Partition=19,Replica=0] -> OnlineReplica, [Topic=__consumer_offsets,Partition=17,Replica=0] -> OnlineReplica, [Topic=__consumer_offsets,Partition=41,Replica=0] -> OnlineReplica, [Topic=__consumer_offsets,Partition=37,Replica=0] -> OnlineReplica, [Topic=__consumer_offsets,Partition=48,Replica=0] -> OnlineReplica, [Topic=ShoppingBag,Partition=0,Replica=0] -> OnlineReplica, [Topic=__consumer_offsets,Partition=29,Replica=0] -> OnlineReplica, [Topic=__consumer_offsets,Partition=10,Replica=0] -> OnlineReplica, [Topic=__consumer_offsets,Partition=46,Replica=0] -> OnlineReplica, [Topic=Product-Category,Partition=0,Replica=0] -> OnlineReplica, [Topic=ProductSold,Partition=0,Replica=0] -> OnlineReplica, [Topic=__consumer_offsets,Partition=1,Replica=0] -> OnlineReplica, [Topic=__consumer_offsets,Partition=16,Replica=0] -> OnlineReplica, [Topic=__consumer_offsets,Partition=5,Replica=0] -> OnlineReplica, [Topic=__consumer_offsets,Partition=15,Replica=0] -> OnlineReplica, [Topic=__consumer_offsets,Partition=4,Replica=0] -> OnlineReplica, [Topic=__consumer_offsets,Partition=6,Replica=0] -> OnlineReplica, [Topic=__consumer_offsets,Partition=7,Replica=0] -> OnlineReplica, [Topic=__consumer_offsets,Partition=43,Replica=0] -> OnlineReplica, [Topic=__consumer_offsets,Partition=0,Replica=0] -> OnlineReplica, [Topic=__consumer_offsets,Partition=20,Replica=0] -> OnlineReplica, [Topic=__consumer_offsets,Partition=31,Replica=0] -> OnlineReplica, [Topic=__consumer_offsets,Partition=28,Replica=0] -> OnlineReplica, [Topic=ProductReview,Partition=0,Replica=0] -> OnlineReplica, [Topic=__consumer_offsets,Partition=26,Replica=0] -> OnlineReplica, [Topic=__consumer_offsets,Partition=2,Replica=0] -> OnlineReplica, [Topic=__consumer_offsets,Partition=33,Replica=0] -> OnlineReplica, [Topic=__consumer_offsets,Partition=22,Replica=0] -> OnlineReplica, [Topic=__consumer_offsets,Partition=21,Replica=0] -> OnlineReplica, [Topic=Click,Partition=0,Replica=0] -> OnlineReplica, [Topic=__consumer_offsets,Partition=13,Replica=0] -> OnlineReplica, [Topic=__consumer_offsets,Partition=35,Replica=0] -> OnlineReplica) (kafka.controller.ZkReplicaStateMachine)
[2024-04-14 14:52:20,951] INFO [PartitionStateMachine controllerId=0] Initializing partition state (kafka.controller.ZkPartitionStateMachine)
[2024-04-14 14:52:20,955] INFO [PartitionStateMachine controllerId=0] Triggering online partition state changes (kafka.controller.ZkPartitionStateMachine)
[2024-04-14 14:52:20,957] DEBUG [PartitionStateMachine controllerId=0] Started partition state machine with initial state -> HashMap(ProductReview-0 -> OnlinePartition, __consumer_offsets-13 -> OnlinePartition, __consumer_offsets-46 -> OnlinePartition, ProductSold-0 -> OnlinePartition, __consumer_offsets-9 -> OnlinePartition, __consumer_offsets-42 -> OnlinePartition, __consumer_offsets-21 -> OnlinePartition, __consumer_offsets-17 -> OnlinePartition, __consumer_offsets-30 -> OnlinePartition, __consumer_offsets-26 -> OnlinePartition, __consumer_offsets-5 -> OnlinePartition, __consumer_offsets-38 -> OnlinePartition, __consumer_offsets-1 -> OnlinePartition, __consumer_offsets-34 -> OnlinePartition, __consumer_offsets-16 -> OnlinePartition, __consumer_offsets-45 -> OnlinePartition, __consumer_offsets-12 -> OnlinePartition, __consumer_offsets-41 -> OnlinePartition, SellerReview-0 -> OnlinePartition, __consumer_offsets-24 -> OnlinePartition, __consumer_offsets-20 -> OnlinePartition, __consumer_offsets-49 -> OnlinePartition, __consumer_offsets-0 -> OnlinePartition, __consumer_offsets-29 -> OnlinePartition, __consumer_offsets-25 -> OnlinePartition, __consumer_offsets-8 -> OnlinePartition, __consumer_offsets-37 -> OnlinePartition, __consumer_offsets-4 -> OnlinePartition, __consumer_offsets-33 -> OnlinePartition, __consumer_offsets-15 -> OnlinePartition, __consumer_offsets-48 -> OnlinePartition, __consumer_offsets-11 -> OnlinePartition, __consumer_offsets-44 -> OnlinePartition, __consumer_offsets-23 -> OnlinePartition, Click-0 -> OnlinePartition, __consumer_offsets-19 -> OnlinePartition, __consumer_offsets-32 -> OnlinePartition, __consumer_offsets-28 -> OnlinePartition, __consumer_offsets-7 -> OnlinePartition, __consumer_offsets-40 -> OnlinePartition, __consumer_offsets-3 -> OnlinePartition, __consumer_offsets-36 -> OnlinePartition, __consumer_offsets-47 -> OnlinePartition, __consumer_offsets-14 -> OnlinePartition, __consumer_offsets-43 -> OnlinePartition, __consumer_offsets-10 -> OnlinePartition, __consumer_offsets-22 -> OnlinePartition, Product-Category-0 -> OnlinePartition, __consumer_offsets-18 -> OnlinePartition, __consumer_offsets-31 -> OnlinePartition, ShoppingBag-0 -> OnlinePartition, __consumer_offsets-27 -> OnlinePartition, __consumer_offsets-39 -> OnlinePartition, __consumer_offsets-6 -> OnlinePartition, __consumer_offsets-35 -> OnlinePartition, __consumer_offsets-2 -> OnlinePartition) (kafka.controller.ZkPartitionStateMachine)
[2024-04-14 14:52:20,957] INFO [Controller id=0] Ready to serve as the new controller with epoch 5 (kafka.controller.KafkaController)
[2024-04-14 14:52:20,963] INFO [Controller id=0] Partitions undergoing preferred replica election:  (kafka.controller.KafkaController)
[2024-04-14 14:52:20,963] INFO [Controller id=0] Partitions that completed preferred replica election:  (kafka.controller.KafkaController)
[2024-04-14 14:52:20,963] INFO [Controller id=0] Skipping preferred replica election for partitions due to topic deletion:  (kafka.controller.KafkaController)
[2024-04-14 14:52:20,964] INFO [Controller id=0] Resuming preferred replica election for partitions:  (kafka.controller.KafkaController)
[2024-04-14 14:52:20,965] INFO [Controller id=0] Starting replica leader election (PREFERRED) for partitions  triggered by ZkTriggered (kafka.controller.KafkaController)
[2024-04-14 14:52:21,007] INFO [Controller id=0] Starting the controller scheduler (kafka.controller.KafkaController)
[2024-04-14 14:52:21,426] INFO [RequestSendThread controllerId=0] Controller 0 connected to Josh.mshome.net:9092 (id: 0 rack: null) for sending state change requests (kafka.controller.RequestSendThread)
[2024-04-14 14:52:26,014] INFO [Controller id=0] Processing automatic preferred replica leader election (kafka.controller.KafkaController)
[2024-04-14 14:52:26,014] TRACE [Controller id=0] Checking need to trigger auto leader balancing (kafka.controller.KafkaController)
[2024-04-14 14:52:26,018] DEBUG [Controller id=0] Topics not in preferred replica for broker 0 HashMap() (kafka.controller.KafkaController)
[2024-04-14 14:52:26,019] TRACE [Controller id=0] Leader imbalance ratio for broker 0 is 0.0 (kafka.controller.KafkaController)
[2024-04-14 14:53:14,485] INFO [ControllerEventThread controllerId=0] Starting (kafka.controller.ControllerEventManager$ControllerEventThread)
[2024-04-14 14:53:14,536] INFO [Controller id=0] 0 successfully elected as the controller. Epoch incremented to 6 and epoch zk version is now 6 (kafka.controller.KafkaController)
[2024-04-14 14:53:14,537] INFO [Controller id=0] Registering handlers (kafka.controller.KafkaController)
[2024-04-14 14:53:14,540] INFO [Controller id=0] Deleting log dir event notifications (kafka.controller.KafkaController)
[2024-04-14 14:53:14,542] INFO [Controller id=0] Deleting isr change notifications (kafka.controller.KafkaController)
[2024-04-14 14:53:14,544] INFO [Controller id=0] Initializing controller context (kafka.controller.KafkaController)
[2024-04-14 14:53:14,556] INFO [Controller id=0] Initialized broker epochs cache: HashMap(0 -> 279) (kafka.controller.KafkaController)
[2024-04-14 14:53:14,577] DEBUG [Controller id=0] Register BrokerModifications handler for Set(0) (kafka.controller.KafkaController)
[2024-04-14 14:53:14,610] DEBUG [Channel manager on controller 0]: Controller 0 trying to connect to broker 0 (kafka.controller.ControllerChannelManager)
[2024-04-14 14:53:14,617] INFO [RequestSendThread controllerId=0] Starting (kafka.controller.RequestSendThread)
[2024-04-14 14:53:14,619] INFO [Controller id=0] Currently active brokers in the cluster: Set(0) (kafka.controller.KafkaController)
[2024-04-14 14:53:14,619] INFO [Controller id=0] Currently shutting brokers in the cluster: HashSet() (kafka.controller.KafkaController)
[2024-04-14 14:53:14,619] INFO [Controller id=0] Current list of topics in the cluster: HashSet(ShoppingBag, ProductSold, SellerReview, Click, Product-Category, __consumer_offsets, ProductReview) (kafka.controller.KafkaController)
[2024-04-14 14:53:14,619] INFO [Controller id=0] Fetching topic deletions in progress (kafka.controller.KafkaController)
[2024-04-14 14:53:14,625] INFO [Controller id=0] List of topics to be deleted:  (kafka.controller.KafkaController)
[2024-04-14 14:53:14,625] INFO [Controller id=0] List of topics ineligible for deletion:  (kafka.controller.KafkaController)
[2024-04-14 14:53:14,626] INFO [Controller id=0] Initializing topic deletion manager (kafka.controller.KafkaController)
[2024-04-14 14:53:14,626] INFO [Topic Deletion Manager 0] Initializing manager with initial deletions: Set(), initial ineligible deletions: HashSet() (kafka.controller.TopicDeletionManager)
[2024-04-14 14:53:14,627] INFO [Controller id=0] Sending update metadata request (kafka.controller.KafkaController)
[2024-04-14 14:53:14,641] INFO [ReplicaStateMachine controllerId=0] Initializing replica state (kafka.controller.ZkReplicaStateMachine)
[2024-04-14 14:53:14,646] INFO [ReplicaStateMachine controllerId=0] Triggering online replica state changes (kafka.controller.ZkReplicaStateMachine)
[2024-04-14 14:53:14,682] INFO [ReplicaStateMachine controllerId=0] Triggering offline replica state changes (kafka.controller.ZkReplicaStateMachine)
[2024-04-14 14:53:14,682] DEBUG [ReplicaStateMachine controllerId=0] Started replica state machine with initial state -> HashMap([Topic=__consumer_offsets,Partition=40,Replica=0] -> OnlineReplica, [Topic=__consumer_offsets,Partition=27,Replica=0] -> OnlineReplica, [Topic=__consumer_offsets,Partition=49,Replica=0] -> OnlineReplica, [Topic=__consumer_offsets,Partition=47,Replica=0] -> OnlineReplica, [Topic=__consumer_offsets,Partition=3,Replica=0] -> OnlineReplica, [Topic=__consumer_offsets,Partition=18,Replica=0] -> OnlineReplica, [Topic=__consumer_offsets,Partition=44,Replica=0] -> OnlineReplica, [Topic=__consumer_offsets,Partition=8,Replica=0] -> OnlineReplica, [Topic=__consumer_offsets,Partition=34,Replica=0] -> OnlineReplica, [Topic=__consumer_offsets,Partition=25,Replica=0] -> OnlineReplica, [Topic=__consumer_offsets,Partition=14,Replica=0] -> OnlineReplica, [Topic=__consumer_offsets,Partition=24,Replica=0] -> OnlineReplica, [Topic=__consumer_offsets,Partition=36,Replica=0] -> OnlineReplica, [Topic=__consumer_offsets,Partition=42,Replica=0] -> OnlineReplica, [Topic=__consumer_offsets,Partition=45,Replica=0] -> OnlineReplica, [Topic=__consumer_offsets,Partition=11,Replica=0] -> OnlineReplica, [Topic=__consumer_offsets,Partition=32,Replica=0] -> OnlineReplica, [Topic=__consumer_offsets,Partition=12,Replica=0] -> OnlineReplica, [Topic=__consumer_offsets,Partition=30,Replica=0] -> OnlineReplica, [Topic=__consumer_offsets,Partition=9,Replica=0] -> OnlineReplica, [Topic=__consumer_offsets,Partition=39,Replica=0] -> OnlineReplica, [Topic=__consumer_offsets,Partition=38,Replica=0] -> OnlineReplica, [Topic=SellerReview,Partition=0,Replica=0] -> OnlineReplica, [Topic=__consumer_offsets,Partition=23,Replica=0] -> OnlineReplica, [Topic=__consumer_offsets,Partition=19,Replica=0] -> OnlineReplica, [Topic=__consumer_offsets,Partition=17,Replica=0] -> OnlineReplica, [Topic=__consumer_offsets,Partition=41,Replica=0] -> OnlineReplica, [Topic=__consumer_offsets,Partition=37,Replica=0] -> OnlineReplica, [Topic=__consumer_offsets,Partition=48,Replica=0] -> OnlineReplica, [Topic=ShoppingBag,Partition=0,Replica=0] -> OnlineReplica, [Topic=__consumer_offsets,Partition=29,Replica=0] -> OnlineReplica, [Topic=__consumer_offsets,Partition=10,Replica=0] -> OnlineReplica, [Topic=__consumer_offsets,Partition=46,Replica=0] -> OnlineReplica, [Topic=Product-Category,Partition=0,Replica=0] -> OnlineReplica, [Topic=ProductSold,Partition=0,Replica=0] -> OnlineReplica, [Topic=__consumer_offsets,Partition=1,Replica=0] -> OnlineReplica, [Topic=__consumer_offsets,Partition=16,Replica=0] -> OnlineReplica, [Topic=__consumer_offsets,Partition=5,Replica=0] -> OnlineReplica, [Topic=__consumer_offsets,Partition=15,Replica=0] -> OnlineReplica, [Topic=__consumer_offsets,Partition=4,Replica=0] -> OnlineReplica, [Topic=__consumer_offsets,Partition=6,Replica=0] -> OnlineReplica, [Topic=__consumer_offsets,Partition=7,Replica=0] -> OnlineReplica, [Topic=__consumer_offsets,Partition=43,Replica=0] -> OnlineReplica, [Topic=__consumer_offsets,Partition=0,Replica=0] -> OnlineReplica, [Topic=__consumer_offsets,Partition=20,Replica=0] -> OnlineReplica, [Topic=__consumer_offsets,Partition=31,Replica=0] -> OnlineReplica, [Topic=__consumer_offsets,Partition=28,Replica=0] -> OnlineReplica, [Topic=ProductReview,Partition=0,Replica=0] -> OnlineReplica, [Topic=__consumer_offsets,Partition=26,Replica=0] -> OnlineReplica, [Topic=__consumer_offsets,Partition=2,Replica=0] -> OnlineReplica, [Topic=__consumer_offsets,Partition=33,Replica=0] -> OnlineReplica, [Topic=__consumer_offsets,Partition=22,Replica=0] -> OnlineReplica, [Topic=__consumer_offsets,Partition=21,Replica=0] -> OnlineReplica, [Topic=Click,Partition=0,Replica=0] -> OnlineReplica, [Topic=__consumer_offsets,Partition=13,Replica=0] -> OnlineReplica, [Topic=__consumer_offsets,Partition=35,Replica=0] -> OnlineReplica) (kafka.controller.ZkReplicaStateMachine)
[2024-04-14 14:53:14,683] INFO [PartitionStateMachine controllerId=0] Initializing partition state (kafka.controller.ZkPartitionStateMachine)
[2024-04-14 14:53:14,689] INFO [PartitionStateMachine controllerId=0] Triggering online partition state changes (kafka.controller.ZkPartitionStateMachine)
[2024-04-14 14:53:14,691] DEBUG [PartitionStateMachine controllerId=0] Started partition state machine with initial state -> HashMap(ProductReview-0 -> OnlinePartition, __consumer_offsets-13 -> OnlinePartition, __consumer_offsets-46 -> OnlinePartition, ProductSold-0 -> OnlinePartition, __consumer_offsets-9 -> OnlinePartition, __consumer_offsets-42 -> OnlinePartition, __consumer_offsets-21 -> OnlinePartition, __consumer_offsets-17 -> OnlinePartition, __consumer_offsets-30 -> OnlinePartition, __consumer_offsets-26 -> OnlinePartition, __consumer_offsets-5 -> OnlinePartition, __consumer_offsets-38 -> OnlinePartition, __consumer_offsets-1 -> OnlinePartition, __consumer_offsets-34 -> OnlinePartition, __consumer_offsets-16 -> OnlinePartition, __consumer_offsets-45 -> OnlinePartition, __consumer_offsets-12 -> OnlinePartition, __consumer_offsets-41 -> OnlinePartition, SellerReview-0 -> OnlinePartition, __consumer_offsets-24 -> OnlinePartition, __consumer_offsets-20 -> OnlinePartition, __consumer_offsets-49 -> OnlinePartition, __consumer_offsets-0 -> OnlinePartition, __consumer_offsets-29 -> OnlinePartition, __consumer_offsets-25 -> OnlinePartition, __consumer_offsets-8 -> OnlinePartition, __consumer_offsets-37 -> OnlinePartition, __consumer_offsets-4 -> OnlinePartition, __consumer_offsets-33 -> OnlinePartition, __consumer_offsets-15 -> OnlinePartition, __consumer_offsets-48 -> OnlinePartition, __consumer_offsets-11 -> OnlinePartition, __consumer_offsets-44 -> OnlinePartition, __consumer_offsets-23 -> OnlinePartition, Click-0 -> OnlinePartition, __consumer_offsets-19 -> OnlinePartition, __consumer_offsets-32 -> OnlinePartition, __consumer_offsets-28 -> OnlinePartition, __consumer_offsets-7 -> OnlinePartition, __consumer_offsets-40 -> OnlinePartition, __consumer_offsets-3 -> OnlinePartition, __consumer_offsets-36 -> OnlinePartition, __consumer_offsets-47 -> OnlinePartition, __consumer_offsets-14 -> OnlinePartition, __consumer_offsets-43 -> OnlinePartition, __consumer_offsets-10 -> OnlinePartition, __consumer_offsets-22 -> OnlinePartition, Product-Category-0 -> OnlinePartition, __consumer_offsets-18 -> OnlinePartition, __consumer_offsets-31 -> OnlinePartition, ShoppingBag-0 -> OnlinePartition, __consumer_offsets-27 -> OnlinePartition, __consumer_offsets-39 -> OnlinePartition, __consumer_offsets-6 -> OnlinePartition, __consumer_offsets-35 -> OnlinePartition, __consumer_offsets-2 -> OnlinePartition) (kafka.controller.ZkPartitionStateMachine)
[2024-04-14 14:53:14,692] INFO [Controller id=0] Ready to serve as the new controller with epoch 6 (kafka.controller.KafkaController)
[2024-04-14 14:53:14,696] INFO [Controller id=0] Partitions undergoing preferred replica election:  (kafka.controller.KafkaController)
[2024-04-14 14:53:14,696] INFO [Controller id=0] Partitions that completed preferred replica election:  (kafka.controller.KafkaController)
[2024-04-14 14:53:14,697] INFO [Controller id=0] Skipping preferred replica election for partitions due to topic deletion:  (kafka.controller.KafkaController)
[2024-04-14 14:53:14,697] INFO [Controller id=0] Resuming preferred replica election for partitions:  (kafka.controller.KafkaController)
[2024-04-14 14:53:14,699] INFO [Controller id=0] Starting replica leader election (PREFERRED) for partitions  triggered by ZkTriggered (kafka.controller.KafkaController)
[2024-04-14 14:53:14,762] INFO [Controller id=0] Starting the controller scheduler (kafka.controller.KafkaController)
[2024-04-14 14:53:15,147] INFO [RequestSendThread controllerId=0] Controller 0 connected to Josh.mshome.net:9092 (id: 0 rack: null) for sending state change requests (kafka.controller.RequestSendThread)
[2024-04-14 14:53:19,773] INFO [Controller id=0] Processing automatic preferred replica leader election (kafka.controller.KafkaController)
[2024-04-14 14:53:19,774] TRACE [Controller id=0] Checking need to trigger auto leader balancing (kafka.controller.KafkaController)
[2024-04-14 14:53:19,778] DEBUG [Controller id=0] Topics not in preferred replica for broker 0 HashMap() (kafka.controller.KafkaController)
[2024-04-14 14:53:19,779] TRACE [Controller id=0] Leader imbalance ratio for broker 0 is 0.0 (kafka.controller.KafkaController)
[2024-04-14 14:54:07,343] INFO [ControllerEventThread controllerId=0] Starting (kafka.controller.ControllerEventManager$ControllerEventThread)
[2024-04-14 14:54:07,412] INFO [Controller id=0] 0 successfully elected as the controller. Epoch incremented to 7 and epoch zk version is now 7 (kafka.controller.KafkaController)
[2024-04-14 14:54:07,413] INFO [Controller id=0] Registering handlers (kafka.controller.KafkaController)
[2024-04-14 14:54:07,417] INFO [Controller id=0] Deleting log dir event notifications (kafka.controller.KafkaController)
[2024-04-14 14:54:07,420] INFO [Controller id=0] Deleting isr change notifications (kafka.controller.KafkaController)
[2024-04-14 14:54:07,422] INFO [Controller id=0] Initializing controller context (kafka.controller.KafkaController)
[2024-04-14 14:54:07,442] INFO [Controller id=0] Initialized broker epochs cache: HashMap(0 -> 298) (kafka.controller.KafkaController)
[2024-04-14 14:54:07,472] DEBUG [Controller id=0] Register BrokerModifications handler for Set(0) (kafka.controller.KafkaController)
[2024-04-14 14:54:07,517] DEBUG [Channel manager on controller 0]: Controller 0 trying to connect to broker 0 (kafka.controller.ControllerChannelManager)
[2024-04-14 14:54:07,527] INFO [RequestSendThread controllerId=0] Starting (kafka.controller.RequestSendThread)
[2024-04-14 14:54:07,529] INFO [Controller id=0] Currently active brokers in the cluster: Set(0) (kafka.controller.KafkaController)
[2024-04-14 14:54:07,530] INFO [Controller id=0] Currently shutting brokers in the cluster: HashSet() (kafka.controller.KafkaController)
[2024-04-14 14:54:07,530] INFO [Controller id=0] Current list of topics in the cluster: HashSet(ShoppingBag, ProductSold, SellerReview, Click, Product-Category, __consumer_offsets, ProductReview) (kafka.controller.KafkaController)
[2024-04-14 14:54:07,530] INFO [Controller id=0] Fetching topic deletions in progress (kafka.controller.KafkaController)
[2024-04-14 14:54:07,539] INFO [Controller id=0] List of topics to be deleted:  (kafka.controller.KafkaController)
[2024-04-14 14:54:07,540] INFO [Controller id=0] List of topics ineligible for deletion:  (kafka.controller.KafkaController)
[2024-04-14 14:54:07,540] INFO [Controller id=0] Initializing topic deletion manager (kafka.controller.KafkaController)
[2024-04-14 14:54:07,541] INFO [Topic Deletion Manager 0] Initializing manager with initial deletions: Set(), initial ineligible deletions: HashSet() (kafka.controller.TopicDeletionManager)
[2024-04-14 14:54:07,542] INFO [Controller id=0] Sending update metadata request (kafka.controller.KafkaController)
[2024-04-14 14:54:07,563] INFO [ReplicaStateMachine controllerId=0] Initializing replica state (kafka.controller.ZkReplicaStateMachine)
[2024-04-14 14:54:07,573] INFO [ReplicaStateMachine controllerId=0] Triggering online replica state changes (kafka.controller.ZkReplicaStateMachine)
[2024-04-14 14:54:07,612] INFO [ReplicaStateMachine controllerId=0] Triggering offline replica state changes (kafka.controller.ZkReplicaStateMachine)
[2024-04-14 14:54:07,614] DEBUG [ReplicaStateMachine controllerId=0] Started replica state machine with initial state -> HashMap([Topic=__consumer_offsets,Partition=40,Replica=0] -> OnlineReplica, [Topic=__consumer_offsets,Partition=27,Replica=0] -> OnlineReplica, [Topic=__consumer_offsets,Partition=49,Replica=0] -> OnlineReplica, [Topic=__consumer_offsets,Partition=47,Replica=0] -> OnlineReplica, [Topic=__consumer_offsets,Partition=3,Replica=0] -> OnlineReplica, [Topic=__consumer_offsets,Partition=18,Replica=0] -> OnlineReplica, [Topic=__consumer_offsets,Partition=44,Replica=0] -> OnlineReplica, [Topic=__consumer_offsets,Partition=8,Replica=0] -> OnlineReplica, [Topic=__consumer_offsets,Partition=34,Replica=0] -> OnlineReplica, [Topic=__consumer_offsets,Partition=25,Replica=0] -> OnlineReplica, [Topic=__consumer_offsets,Partition=14,Replica=0] -> OnlineReplica, [Topic=__consumer_offsets,Partition=24,Replica=0] -> OnlineReplica, [Topic=__consumer_offsets,Partition=36,Replica=0] -> OnlineReplica, [Topic=__consumer_offsets,Partition=42,Replica=0] -> OnlineReplica, [Topic=__consumer_offsets,Partition=45,Replica=0] -> OnlineReplica, [Topic=__consumer_offsets,Partition=11,Replica=0] -> OnlineReplica, [Topic=__consumer_offsets,Partition=32,Replica=0] -> OnlineReplica, [Topic=__consumer_offsets,Partition=12,Replica=0] -> OnlineReplica, [Topic=__consumer_offsets,Partition=30,Replica=0] -> OnlineReplica, [Topic=__consumer_offsets,Partition=9,Replica=0] -> OnlineReplica, [Topic=__consumer_offsets,Partition=39,Replica=0] -> OnlineReplica, [Topic=__consumer_offsets,Partition=38,Replica=0] -> OnlineReplica, [Topic=SellerReview,Partition=0,Replica=0] -> OnlineReplica, [Topic=__consumer_offsets,Partition=23,Replica=0] -> OnlineReplica, [Topic=__consumer_offsets,Partition=19,Replica=0] -> OnlineReplica, [Topic=__consumer_offsets,Partition=17,Replica=0] -> OnlineReplica, [Topic=__consumer_offsets,Partition=41,Replica=0] -> OnlineReplica, [Topic=__consumer_offsets,Partition=37,Replica=0] -> OnlineReplica, [Topic=__consumer_offsets,Partition=48,Replica=0] -> OnlineReplica, [Topic=ShoppingBag,Partition=0,Replica=0] -> OnlineReplica, [Topic=__consumer_offsets,Partition=29,Replica=0] -> OnlineReplica, [Topic=__consumer_offsets,Partition=10,Replica=0] -> OnlineReplica, [Topic=__consumer_offsets,Partition=46,Replica=0] -> OnlineReplica, [Topic=Product-Category,Partition=0,Replica=0] -> OnlineReplica, [Topic=ProductSold,Partition=0,Replica=0] -> OnlineReplica, [Topic=__consumer_offsets,Partition=1,Replica=0] -> OnlineReplica, [Topic=__consumer_offsets,Partition=16,Replica=0] -> OnlineReplica, [Topic=__consumer_offsets,Partition=5,Replica=0] -> OnlineReplica, [Topic=__consumer_offsets,Partition=15,Replica=0] -> OnlineReplica, [Topic=__consumer_offsets,Partition=4,Replica=0] -> OnlineReplica, [Topic=__consumer_offsets,Partition=6,Replica=0] -> OnlineReplica, [Topic=__consumer_offsets,Partition=7,Replica=0] -> OnlineReplica, [Topic=__consumer_offsets,Partition=43,Replica=0] -> OnlineReplica, [Topic=__consumer_offsets,Partition=0,Replica=0] -> OnlineReplica, [Topic=__consumer_offsets,Partition=20,Replica=0] -> OnlineReplica, [Topic=__consumer_offsets,Partition=31,Replica=0] -> OnlineReplica, [Topic=__consumer_offsets,Partition=28,Replica=0] -> OnlineReplica, [Topic=ProductReview,Partition=0,Replica=0] -> OnlineReplica, [Topic=__consumer_offsets,Partition=26,Replica=0] -> OnlineReplica, [Topic=__consumer_offsets,Partition=2,Replica=0] -> OnlineReplica, [Topic=__consumer_offsets,Partition=33,Replica=0] -> OnlineReplica, [Topic=__consumer_offsets,Partition=22,Replica=0] -> OnlineReplica, [Topic=__consumer_offsets,Partition=21,Replica=0] -> OnlineReplica, [Topic=Click,Partition=0,Replica=0] -> OnlineReplica, [Topic=__consumer_offsets,Partition=13,Replica=0] -> OnlineReplica, [Topic=__consumer_offsets,Partition=35,Replica=0] -> OnlineReplica) (kafka.controller.ZkReplicaStateMachine)
[2024-04-14 14:54:07,614] INFO [PartitionStateMachine controllerId=0] Initializing partition state (kafka.controller.ZkPartitionStateMachine)
[2024-04-14 14:54:07,620] INFO [PartitionStateMachine controllerId=0] Triggering online partition state changes (kafka.controller.ZkPartitionStateMachine)
[2024-04-14 14:54:07,623] DEBUG [PartitionStateMachine controllerId=0] Started partition state machine with initial state -> HashMap(ProductReview-0 -> OnlinePartition, __consumer_offsets-13 -> OnlinePartition, __consumer_offsets-46 -> OnlinePartition, ProductSold-0 -> OnlinePartition, __consumer_offsets-9 -> OnlinePartition, __consumer_offsets-42 -> OnlinePartition, __consumer_offsets-21 -> OnlinePartition, __consumer_offsets-17 -> OnlinePartition, __consumer_offsets-30 -> OnlinePartition, __consumer_offsets-26 -> OnlinePartition, __consumer_offsets-5 -> OnlinePartition, __consumer_offsets-38 -> OnlinePartition, __consumer_offsets-1 -> OnlinePartition, __consumer_offsets-34 -> OnlinePartition, __consumer_offsets-16 -> OnlinePartition, __consumer_offsets-45 -> OnlinePartition, __consumer_offsets-12 -> OnlinePartition, __consumer_offsets-41 -> OnlinePartition, SellerReview-0 -> OnlinePartition, __consumer_offsets-24 -> OnlinePartition, __consumer_offsets-20 -> OnlinePartition, __consumer_offsets-49 -> OnlinePartition, __consumer_offsets-0 -> OnlinePartition, __consumer_offsets-29 -> OnlinePartition, __consumer_offsets-25 -> OnlinePartition, __consumer_offsets-8 -> OnlinePartition, __consumer_offsets-37 -> OnlinePartition, __consumer_offsets-4 -> OnlinePartition, __consumer_offsets-33 -> OnlinePartition, __consumer_offsets-15 -> OnlinePartition, __consumer_offsets-48 -> OnlinePartition, __consumer_offsets-11 -> OnlinePartition, __consumer_offsets-44 -> OnlinePartition, __consumer_offsets-23 -> OnlinePartition, Click-0 -> OnlinePartition, __consumer_offsets-19 -> OnlinePartition, __consumer_offsets-32 -> OnlinePartition, __consumer_offsets-28 -> OnlinePartition, __consumer_offsets-7 -> OnlinePartition, __consumer_offsets-40 -> OnlinePartition, __consumer_offsets-3 -> OnlinePartition, __consumer_offsets-36 -> OnlinePartition, __consumer_offsets-47 -> OnlinePartition, __consumer_offsets-14 -> OnlinePartition, __consumer_offsets-43 -> OnlinePartition, __consumer_offsets-10 -> OnlinePartition, __consumer_offsets-22 -> OnlinePartition, Product-Category-0 -> OnlinePartition, __consumer_offsets-18 -> OnlinePartition, __consumer_offsets-31 -> OnlinePartition, ShoppingBag-0 -> OnlinePartition, __consumer_offsets-27 -> OnlinePartition, __consumer_offsets-39 -> OnlinePartition, __consumer_offsets-6 -> OnlinePartition, __consumer_offsets-35 -> OnlinePartition, __consumer_offsets-2 -> OnlinePartition) (kafka.controller.ZkPartitionStateMachine)
[2024-04-14 14:54:07,624] INFO [Controller id=0] Ready to serve as the new controller with epoch 7 (kafka.controller.KafkaController)
[2024-04-14 14:54:07,629] INFO [Controller id=0] Partitions undergoing preferred replica election:  (kafka.controller.KafkaController)
[2024-04-14 14:54:07,629] INFO [Controller id=0] Partitions that completed preferred replica election:  (kafka.controller.KafkaController)
[2024-04-14 14:54:07,630] INFO [Controller id=0] Skipping preferred replica election for partitions due to topic deletion:  (kafka.controller.KafkaController)
[2024-04-14 14:54:07,630] INFO [Controller id=0] Resuming preferred replica election for partitions:  (kafka.controller.KafkaController)
[2024-04-14 14:54:07,632] INFO [Controller id=0] Starting replica leader election (PREFERRED) for partitions  triggered by ZkTriggered (kafka.controller.KafkaController)
[2024-04-14 14:54:07,673] INFO [Controller id=0] Starting the controller scheduler (kafka.controller.KafkaController)
[2024-04-14 14:54:08,072] INFO [RequestSendThread controllerId=0] Controller 0 connected to Josh.mshome.net:9092 (id: 0 rack: null) for sending state change requests (kafka.controller.RequestSendThread)
[2024-04-14 14:54:12,681] INFO [Controller id=0] Processing automatic preferred replica leader election (kafka.controller.KafkaController)
[2024-04-14 14:54:12,681] TRACE [Controller id=0] Checking need to trigger auto leader balancing (kafka.controller.KafkaController)
[2024-04-14 14:54:12,685] DEBUG [Controller id=0] Topics not in preferred replica for broker 0 HashMap() (kafka.controller.KafkaController)
[2024-04-14 14:54:12,686] TRACE [Controller id=0] Leader imbalance ratio for broker 0 is 0.0 (kafka.controller.KafkaController)
[2024-04-14 14:55:51,305] INFO [ControllerEventThread controllerId=0] Starting (kafka.controller.ControllerEventManager$ControllerEventThread)
[2024-04-14 14:55:51,355] INFO [Controller id=0] 0 successfully elected as the controller. Epoch incremented to 8 and epoch zk version is now 8 (kafka.controller.KafkaController)
[2024-04-14 14:55:51,356] INFO [Controller id=0] Registering handlers (kafka.controller.KafkaController)
[2024-04-14 14:55:51,359] INFO [Controller id=0] Deleting log dir event notifications (kafka.controller.KafkaController)
[2024-04-14 14:55:51,363] INFO [Controller id=0] Deleting isr change notifications (kafka.controller.KafkaController)
[2024-04-14 14:55:51,365] INFO [Controller id=0] Initializing controller context (kafka.controller.KafkaController)
[2024-04-14 14:55:51,381] INFO [Controller id=0] Initialized broker epochs cache: HashMap(0 -> 317) (kafka.controller.KafkaController)
[2024-04-14 14:55:51,403] DEBUG [Controller id=0] Register BrokerModifications handler for Set(0) (kafka.controller.KafkaController)
[2024-04-14 14:55:51,445] DEBUG [Channel manager on controller 0]: Controller 0 trying to connect to broker 0 (kafka.controller.ControllerChannelManager)
[2024-04-14 14:55:51,454] INFO [RequestSendThread controllerId=0] Starting (kafka.controller.RequestSendThread)
[2024-04-14 14:55:51,456] INFO [Controller id=0] Currently active brokers in the cluster: Set(0) (kafka.controller.KafkaController)
[2024-04-14 14:55:51,457] INFO [Controller id=0] Currently shutting brokers in the cluster: HashSet() (kafka.controller.KafkaController)
[2024-04-14 14:55:51,457] INFO [Controller id=0] Current list of topics in the cluster: HashSet(ShoppingBag, ProductSold, SellerReview, Click, Product-Category, __consumer_offsets, ProductReview) (kafka.controller.KafkaController)
[2024-04-14 14:55:51,457] INFO [Controller id=0] Fetching topic deletions in progress (kafka.controller.KafkaController)
[2024-04-14 14:55:51,465] INFO [Controller id=0] List of topics to be deleted:  (kafka.controller.KafkaController)
[2024-04-14 14:55:51,466] INFO [Controller id=0] List of topics ineligible for deletion:  (kafka.controller.KafkaController)
[2024-04-14 14:55:51,466] INFO [Controller id=0] Initializing topic deletion manager (kafka.controller.KafkaController)
[2024-04-14 14:55:51,466] INFO [Topic Deletion Manager 0] Initializing manager with initial deletions: Set(), initial ineligible deletions: HashSet() (kafka.controller.TopicDeletionManager)
[2024-04-14 14:55:51,467] INFO [Controller id=0] Sending update metadata request (kafka.controller.KafkaController)
[2024-04-14 14:55:51,482] INFO [ReplicaStateMachine controllerId=0] Initializing replica state (kafka.controller.ZkReplicaStateMachine)
[2024-04-14 14:55:51,487] INFO [ReplicaStateMachine controllerId=0] Triggering online replica state changes (kafka.controller.ZkReplicaStateMachine)
[2024-04-14 14:55:51,521] INFO [ReplicaStateMachine controllerId=0] Triggering offline replica state changes (kafka.controller.ZkReplicaStateMachine)
[2024-04-14 14:55:51,521] DEBUG [ReplicaStateMachine controllerId=0] Started replica state machine with initial state -> HashMap([Topic=__consumer_offsets,Partition=40,Replica=0] -> OnlineReplica, [Topic=__consumer_offsets,Partition=27,Replica=0] -> OnlineReplica, [Topic=__consumer_offsets,Partition=49,Replica=0] -> OnlineReplica, [Topic=__consumer_offsets,Partition=47,Replica=0] -> OnlineReplica, [Topic=__consumer_offsets,Partition=3,Replica=0] -> OnlineReplica, [Topic=__consumer_offsets,Partition=18,Replica=0] -> OnlineReplica, [Topic=__consumer_offsets,Partition=44,Replica=0] -> OnlineReplica, [Topic=__consumer_offsets,Partition=8,Replica=0] -> OnlineReplica, [Topic=__consumer_offsets,Partition=34,Replica=0] -> OnlineReplica, [Topic=__consumer_offsets,Partition=25,Replica=0] -> OnlineReplica, [Topic=__consumer_offsets,Partition=14,Replica=0] -> OnlineReplica, [Topic=__consumer_offsets,Partition=24,Replica=0] -> OnlineReplica, [Topic=__consumer_offsets,Partition=36,Replica=0] -> OnlineReplica, [Topic=__consumer_offsets,Partition=42,Replica=0] -> OnlineReplica, [Topic=__consumer_offsets,Partition=45,Replica=0] -> OnlineReplica, [Topic=__consumer_offsets,Partition=11,Replica=0] -> OnlineReplica, [Topic=__consumer_offsets,Partition=32,Replica=0] -> OnlineReplica, [Topic=__consumer_offsets,Partition=12,Replica=0] -> OnlineReplica, [Topic=__consumer_offsets,Partition=30,Replica=0] -> OnlineReplica, [Topic=__consumer_offsets,Partition=9,Replica=0] -> OnlineReplica, [Topic=__consumer_offsets,Partition=39,Replica=0] -> OnlineReplica, [Topic=__consumer_offsets,Partition=38,Replica=0] -> OnlineReplica, [Topic=SellerReview,Partition=0,Replica=0] -> OnlineReplica, [Topic=__consumer_offsets,Partition=23,Replica=0] -> OnlineReplica, [Topic=__consumer_offsets,Partition=19,Replica=0] -> OnlineReplica, [Topic=__consumer_offsets,Partition=17,Replica=0] -> OnlineReplica, [Topic=__consumer_offsets,Partition=41,Replica=0] -> OnlineReplica, [Topic=__consumer_offsets,Partition=37,Replica=0] -> OnlineReplica, [Topic=__consumer_offsets,Partition=48,Replica=0] -> OnlineReplica, [Topic=ShoppingBag,Partition=0,Replica=0] -> OnlineReplica, [Topic=__consumer_offsets,Partition=29,Replica=0] -> OnlineReplica, [Topic=__consumer_offsets,Partition=10,Replica=0] -> OnlineReplica, [Topic=__consumer_offsets,Partition=46,Replica=0] -> OnlineReplica, [Topic=Product-Category,Partition=0,Replica=0] -> OnlineReplica, [Topic=ProductSold,Partition=0,Replica=0] -> OnlineReplica, [Topic=__consumer_offsets,Partition=1,Replica=0] -> OnlineReplica, [Topic=__consumer_offsets,Partition=16,Replica=0] -> OnlineReplica, [Topic=__consumer_offsets,Partition=5,Replica=0] -> OnlineReplica, [Topic=__consumer_offsets,Partition=15,Replica=0] -> OnlineReplica, [Topic=__consumer_offsets,Partition=4,Replica=0] -> OnlineReplica, [Topic=__consumer_offsets,Partition=6,Replica=0] -> OnlineReplica, [Topic=__consumer_offsets,Partition=7,Replica=0] -> OnlineReplica, [Topic=__consumer_offsets,Partition=43,Replica=0] -> OnlineReplica, [Topic=__consumer_offsets,Partition=0,Replica=0] -> OnlineReplica, [Topic=__consumer_offsets,Partition=20,Replica=0] -> OnlineReplica, [Topic=__consumer_offsets,Partition=31,Replica=0] -> OnlineReplica, [Topic=__consumer_offsets,Partition=28,Replica=0] -> OnlineReplica, [Topic=ProductReview,Partition=0,Replica=0] -> OnlineReplica, [Topic=__consumer_offsets,Partition=26,Replica=0] -> OnlineReplica, [Topic=__consumer_offsets,Partition=2,Replica=0] -> OnlineReplica, [Topic=__consumer_offsets,Partition=33,Replica=0] -> OnlineReplica, [Topic=__consumer_offsets,Partition=22,Replica=0] -> OnlineReplica, [Topic=__consumer_offsets,Partition=21,Replica=0] -> OnlineReplica, [Topic=Click,Partition=0,Replica=0] -> OnlineReplica, [Topic=__consumer_offsets,Partition=13,Replica=0] -> OnlineReplica, [Topic=__consumer_offsets,Partition=35,Replica=0] -> OnlineReplica) (kafka.controller.ZkReplicaStateMachine)
[2024-04-14 14:55:51,522] INFO [PartitionStateMachine controllerId=0] Initializing partition state (kafka.controller.ZkPartitionStateMachine)
[2024-04-14 14:55:51,526] INFO [PartitionStateMachine controllerId=0] Triggering online partition state changes (kafka.controller.ZkPartitionStateMachine)
[2024-04-14 14:55:51,529] DEBUG [PartitionStateMachine controllerId=0] Started partition state machine with initial state -> HashMap(ProductReview-0 -> OnlinePartition, __consumer_offsets-13 -> OnlinePartition, __consumer_offsets-46 -> OnlinePartition, ProductSold-0 -> OnlinePartition, __consumer_offsets-9 -> OnlinePartition, __consumer_offsets-42 -> OnlinePartition, __consumer_offsets-21 -> OnlinePartition, __consumer_offsets-17 -> OnlinePartition, __consumer_offsets-30 -> OnlinePartition, __consumer_offsets-26 -> OnlinePartition, __consumer_offsets-5 -> OnlinePartition, __consumer_offsets-38 -> OnlinePartition, __consumer_offsets-1 -> OnlinePartition, __consumer_offsets-34 -> OnlinePartition, __consumer_offsets-16 -> OnlinePartition, __consumer_offsets-45 -> OnlinePartition, __consumer_offsets-12 -> OnlinePartition, __consumer_offsets-41 -> OnlinePartition, SellerReview-0 -> OnlinePartition, __consumer_offsets-24 -> OnlinePartition, __consumer_offsets-20 -> OnlinePartition, __consumer_offsets-49 -> OnlinePartition, __consumer_offsets-0 -> OnlinePartition, __consumer_offsets-29 -> OnlinePartition, __consumer_offsets-25 -> OnlinePartition, __consumer_offsets-8 -> OnlinePartition, __consumer_offsets-37 -> OnlinePartition, __consumer_offsets-4 -> OnlinePartition, __consumer_offsets-33 -> OnlinePartition, __consumer_offsets-15 -> OnlinePartition, __consumer_offsets-48 -> OnlinePartition, __consumer_offsets-11 -> OnlinePartition, __consumer_offsets-44 -> OnlinePartition, __consumer_offsets-23 -> OnlinePartition, Click-0 -> OnlinePartition, __consumer_offsets-19 -> OnlinePartition, __consumer_offsets-32 -> OnlinePartition, __consumer_offsets-28 -> OnlinePartition, __consumer_offsets-7 -> OnlinePartition, __consumer_offsets-40 -> OnlinePartition, __consumer_offsets-3 -> OnlinePartition, __consumer_offsets-36 -> OnlinePartition, __consumer_offsets-47 -> OnlinePartition, __consumer_offsets-14 -> OnlinePartition, __consumer_offsets-43 -> OnlinePartition, __consumer_offsets-10 -> OnlinePartition, __consumer_offsets-22 -> OnlinePartition, Product-Category-0 -> OnlinePartition, __consumer_offsets-18 -> OnlinePartition, __consumer_offsets-31 -> OnlinePartition, ShoppingBag-0 -> OnlinePartition, __consumer_offsets-27 -> OnlinePartition, __consumer_offsets-39 -> OnlinePartition, __consumer_offsets-6 -> OnlinePartition, __consumer_offsets-35 -> OnlinePartition, __consumer_offsets-2 -> OnlinePartition) (kafka.controller.ZkPartitionStateMachine)
[2024-04-14 14:55:51,530] INFO [Controller id=0] Ready to serve as the new controller with epoch 8 (kafka.controller.KafkaController)
[2024-04-14 14:55:51,535] INFO [Controller id=0] Partitions undergoing preferred replica election:  (kafka.controller.KafkaController)
[2024-04-14 14:55:51,535] INFO [Controller id=0] Partitions that completed preferred replica election:  (kafka.controller.KafkaController)
[2024-04-14 14:55:51,535] INFO [Controller id=0] Skipping preferred replica election for partitions due to topic deletion:  (kafka.controller.KafkaController)
[2024-04-14 14:55:51,535] INFO [Controller id=0] Resuming preferred replica election for partitions:  (kafka.controller.KafkaController)
[2024-04-14 14:55:51,536] INFO [Controller id=0] Starting replica leader election (PREFERRED) for partitions  triggered by ZkTriggered (kafka.controller.KafkaController)
[2024-04-14 14:55:51,574] INFO [Controller id=0] Starting the controller scheduler (kafka.controller.KafkaController)
[2024-04-14 14:55:52,001] INFO [RequestSendThread controllerId=0] Controller 0 connected to Josh.mshome.net:9092 (id: 0 rack: null) for sending state change requests (kafka.controller.RequestSendThread)
[2024-04-14 14:55:56,579] INFO [Controller id=0] Processing automatic preferred replica leader election (kafka.controller.KafkaController)
[2024-04-14 14:55:56,580] TRACE [Controller id=0] Checking need to trigger auto leader balancing (kafka.controller.KafkaController)
[2024-04-14 14:55:56,584] DEBUG [Controller id=0] Topics not in preferred replica for broker 0 HashMap() (kafka.controller.KafkaController)
[2024-04-14 14:55:56,585] TRACE [Controller id=0] Leader imbalance ratio for broker 0 is 0.0 (kafka.controller.KafkaController)
[2024-04-14 14:56:44,855] INFO [ControllerEventThread controllerId=0] Starting (kafka.controller.ControllerEventManager$ControllerEventThread)
[2024-04-14 14:56:44,906] INFO [Controller id=0] 0 successfully elected as the controller. Epoch incremented to 9 and epoch zk version is now 9 (kafka.controller.KafkaController)
[2024-04-14 14:56:44,908] INFO [Controller id=0] Registering handlers (kafka.controller.KafkaController)
[2024-04-14 14:56:44,911] INFO [Controller id=0] Deleting log dir event notifications (kafka.controller.KafkaController)
[2024-04-14 14:56:44,914] INFO [Controller id=0] Deleting isr change notifications (kafka.controller.KafkaController)
[2024-04-14 14:56:44,916] INFO [Controller id=0] Initializing controller context (kafka.controller.KafkaController)
[2024-04-14 14:56:44,933] INFO [Controller id=0] Initialized broker epochs cache: HashMap(0 -> 336) (kafka.controller.KafkaController)
[2024-04-14 14:56:44,956] DEBUG [Controller id=0] Register BrokerModifications handler for Set(0) (kafka.controller.KafkaController)
[2024-04-14 14:56:45,001] DEBUG [Channel manager on controller 0]: Controller 0 trying to connect to broker 0 (kafka.controller.ControllerChannelManager)
[2024-04-14 14:56:45,009] INFO [RequestSendThread controllerId=0] Starting (kafka.controller.RequestSendThread)
[2024-04-14 14:56:45,011] INFO [Controller id=0] Currently active brokers in the cluster: Set(0) (kafka.controller.KafkaController)
[2024-04-14 14:56:45,011] INFO [Controller id=0] Currently shutting brokers in the cluster: HashSet() (kafka.controller.KafkaController)
[2024-04-14 14:56:45,012] INFO [Controller id=0] Current list of topics in the cluster: HashSet(ShoppingBag, ProductSold, SellerReview, Click, Product-Category, __consumer_offsets, ProductReview) (kafka.controller.KafkaController)
[2024-04-14 14:56:45,012] INFO [Controller id=0] Fetching topic deletions in progress (kafka.controller.KafkaController)
[2024-04-14 14:56:45,020] INFO [Controller id=0] List of topics to be deleted:  (kafka.controller.KafkaController)
[2024-04-14 14:56:45,020] INFO [Controller id=0] List of topics ineligible for deletion:  (kafka.controller.KafkaController)
[2024-04-14 14:56:45,021] INFO [Controller id=0] Initializing topic deletion manager (kafka.controller.KafkaController)
[2024-04-14 14:56:45,021] INFO [Topic Deletion Manager 0] Initializing manager with initial deletions: Set(), initial ineligible deletions: HashSet() (kafka.controller.TopicDeletionManager)
[2024-04-14 14:56:45,022] INFO [Controller id=0] Sending update metadata request (kafka.controller.KafkaController)
[2024-04-14 14:56:45,040] INFO [ReplicaStateMachine controllerId=0] Initializing replica state (kafka.controller.ZkReplicaStateMachine)
[2024-04-14 14:56:45,048] INFO [ReplicaStateMachine controllerId=0] Triggering online replica state changes (kafka.controller.ZkReplicaStateMachine)
[2024-04-14 14:56:45,081] INFO [ReplicaStateMachine controllerId=0] Triggering offline replica state changes (kafka.controller.ZkReplicaStateMachine)
[2024-04-14 14:56:45,082] DEBUG [ReplicaStateMachine controllerId=0] Started replica state machine with initial state -> HashMap([Topic=__consumer_offsets,Partition=40,Replica=0] -> OnlineReplica, [Topic=__consumer_offsets,Partition=27,Replica=0] -> OnlineReplica, [Topic=__consumer_offsets,Partition=49,Replica=0] -> OnlineReplica, [Topic=__consumer_offsets,Partition=47,Replica=0] -> OnlineReplica, [Topic=__consumer_offsets,Partition=3,Replica=0] -> OnlineReplica, [Topic=__consumer_offsets,Partition=18,Replica=0] -> OnlineReplica, [Topic=__consumer_offsets,Partition=44,Replica=0] -> OnlineReplica, [Topic=__consumer_offsets,Partition=8,Replica=0] -> OnlineReplica, [Topic=__consumer_offsets,Partition=34,Replica=0] -> OnlineReplica, [Topic=__consumer_offsets,Partition=25,Replica=0] -> OnlineReplica, [Topic=__consumer_offsets,Partition=14,Replica=0] -> OnlineReplica, [Topic=__consumer_offsets,Partition=24,Replica=0] -> OnlineReplica, [Topic=__consumer_offsets,Partition=36,Replica=0] -> OnlineReplica, [Topic=__consumer_offsets,Partition=42,Replica=0] -> OnlineReplica, [Topic=__consumer_offsets,Partition=45,Replica=0] -> OnlineReplica, [Topic=__consumer_offsets,Partition=11,Replica=0] -> OnlineReplica, [Topic=__consumer_offsets,Partition=32,Replica=0] -> OnlineReplica, [Topic=__consumer_offsets,Partition=12,Replica=0] -> OnlineReplica, [Topic=__consumer_offsets,Partition=30,Replica=0] -> OnlineReplica, [Topic=__consumer_offsets,Partition=9,Replica=0] -> OnlineReplica, [Topic=__consumer_offsets,Partition=39,Replica=0] -> OnlineReplica, [Topic=__consumer_offsets,Partition=38,Replica=0] -> OnlineReplica, [Topic=SellerReview,Partition=0,Replica=0] -> OnlineReplica, [Topic=__consumer_offsets,Partition=23,Replica=0] -> OnlineReplica, [Topic=__consumer_offsets,Partition=19,Replica=0] -> OnlineReplica, [Topic=__consumer_offsets,Partition=17,Replica=0] -> OnlineReplica, [Topic=__consumer_offsets,Partition=41,Replica=0] -> OnlineReplica, [Topic=__consumer_offsets,Partition=37,Replica=0] -> OnlineReplica, [Topic=__consumer_offsets,Partition=48,Replica=0] -> OnlineReplica, [Topic=ShoppingBag,Partition=0,Replica=0] -> OnlineReplica, [Topic=__consumer_offsets,Partition=29,Replica=0] -> OnlineReplica, [Topic=__consumer_offsets,Partition=10,Replica=0] -> OnlineReplica, [Topic=__consumer_offsets,Partition=46,Replica=0] -> OnlineReplica, [Topic=Product-Category,Partition=0,Replica=0] -> OnlineReplica, [Topic=ProductSold,Partition=0,Replica=0] -> OnlineReplica, [Topic=__consumer_offsets,Partition=1,Replica=0] -> OnlineReplica, [Topic=__consumer_offsets,Partition=16,Replica=0] -> OnlineReplica, [Topic=__consumer_offsets,Partition=5,Replica=0] -> OnlineReplica, [Topic=__consumer_offsets,Partition=15,Replica=0] -> OnlineReplica, [Topic=__consumer_offsets,Partition=4,Replica=0] -> OnlineReplica, [Topic=__consumer_offsets,Partition=6,Replica=0] -> OnlineReplica, [Topic=__consumer_offsets,Partition=7,Replica=0] -> OnlineReplica, [Topic=__consumer_offsets,Partition=43,Replica=0] -> OnlineReplica, [Topic=__consumer_offsets,Partition=0,Replica=0] -> OnlineReplica, [Topic=__consumer_offsets,Partition=20,Replica=0] -> OnlineReplica, [Topic=__consumer_offsets,Partition=31,Replica=0] -> OnlineReplica, [Topic=__consumer_offsets,Partition=28,Replica=0] -> OnlineReplica, [Topic=ProductReview,Partition=0,Replica=0] -> OnlineReplica, [Topic=__consumer_offsets,Partition=26,Replica=0] -> OnlineReplica, [Topic=__consumer_offsets,Partition=2,Replica=0] -> OnlineReplica, [Topic=__consumer_offsets,Partition=33,Replica=0] -> OnlineReplica, [Topic=__consumer_offsets,Partition=22,Replica=0] -> OnlineReplica, [Topic=__consumer_offsets,Partition=21,Replica=0] -> OnlineReplica, [Topic=Click,Partition=0,Replica=0] -> OnlineReplica, [Topic=__consumer_offsets,Partition=13,Replica=0] -> OnlineReplica, [Topic=__consumer_offsets,Partition=35,Replica=0] -> OnlineReplica) (kafka.controller.ZkReplicaStateMachine)
[2024-04-14 14:56:45,083] INFO [PartitionStateMachine controllerId=0] Initializing partition state (kafka.controller.ZkPartitionStateMachine)
[2024-04-14 14:56:45,087] INFO [PartitionStateMachine controllerId=0] Triggering online partition state changes (kafka.controller.ZkPartitionStateMachine)
[2024-04-14 14:56:45,089] DEBUG [PartitionStateMachine controllerId=0] Started partition state machine with initial state -> HashMap(ProductReview-0 -> OnlinePartition, __consumer_offsets-13 -> OnlinePartition, __consumer_offsets-46 -> OnlinePartition, ProductSold-0 -> OnlinePartition, __consumer_offsets-9 -> OnlinePartition, __consumer_offsets-42 -> OnlinePartition, __consumer_offsets-21 -> OnlinePartition, __consumer_offsets-17 -> OnlinePartition, __consumer_offsets-30 -> OnlinePartition, __consumer_offsets-26 -> OnlinePartition, __consumer_offsets-5 -> OnlinePartition, __consumer_offsets-38 -> OnlinePartition, __consumer_offsets-1 -> OnlinePartition, __consumer_offsets-34 -> OnlinePartition, __consumer_offsets-16 -> OnlinePartition, __consumer_offsets-45 -> OnlinePartition, __consumer_offsets-12 -> OnlinePartition, __consumer_offsets-41 -> OnlinePartition, SellerReview-0 -> OnlinePartition, __consumer_offsets-24 -> OnlinePartition, __consumer_offsets-20 -> OnlinePartition, __consumer_offsets-49 -> OnlinePartition, __consumer_offsets-0 -> OnlinePartition, __consumer_offsets-29 -> OnlinePartition, __consumer_offsets-25 -> OnlinePartition, __consumer_offsets-8 -> OnlinePartition, __consumer_offsets-37 -> OnlinePartition, __consumer_offsets-4 -> OnlinePartition, __consumer_offsets-33 -> OnlinePartition, __consumer_offsets-15 -> OnlinePartition, __consumer_offsets-48 -> OnlinePartition, __consumer_offsets-11 -> OnlinePartition, __consumer_offsets-44 -> OnlinePartition, __consumer_offsets-23 -> OnlinePartition, Click-0 -> OnlinePartition, __consumer_offsets-19 -> OnlinePartition, __consumer_offsets-32 -> OnlinePartition, __consumer_offsets-28 -> OnlinePartition, __consumer_offsets-7 -> OnlinePartition, __consumer_offsets-40 -> OnlinePartition, __consumer_offsets-3 -> OnlinePartition, __consumer_offsets-36 -> OnlinePartition, __consumer_offsets-47 -> OnlinePartition, __consumer_offsets-14 -> OnlinePartition, __consumer_offsets-43 -> OnlinePartition, __consumer_offsets-10 -> OnlinePartition, __consumer_offsets-22 -> OnlinePartition, Product-Category-0 -> OnlinePartition, __consumer_offsets-18 -> OnlinePartition, __consumer_offsets-31 -> OnlinePartition, ShoppingBag-0 -> OnlinePartition, __consumer_offsets-27 -> OnlinePartition, __consumer_offsets-39 -> OnlinePartition, __consumer_offsets-6 -> OnlinePartition, __consumer_offsets-35 -> OnlinePartition, __consumer_offsets-2 -> OnlinePartition) (kafka.controller.ZkPartitionStateMachine)
[2024-04-14 14:56:45,090] INFO [Controller id=0] Ready to serve as the new controller with epoch 9 (kafka.controller.KafkaController)
[2024-04-14 14:56:45,094] INFO [Controller id=0] Partitions undergoing preferred replica election:  (kafka.controller.KafkaController)
[2024-04-14 14:56:45,094] INFO [Controller id=0] Partitions that completed preferred replica election:  (kafka.controller.KafkaController)
[2024-04-14 14:56:45,095] INFO [Controller id=0] Skipping preferred replica election for partitions due to topic deletion:  (kafka.controller.KafkaController)
[2024-04-14 14:56:45,095] INFO [Controller id=0] Resuming preferred replica election for partitions:  (kafka.controller.KafkaController)
[2024-04-14 14:56:45,097] INFO [Controller id=0] Starting replica leader election (PREFERRED) for partitions  triggered by ZkTriggered (kafka.controller.KafkaController)
[2024-04-14 14:56:45,132] INFO [Controller id=0] Starting the controller scheduler (kafka.controller.KafkaController)
[2024-04-14 14:56:45,552] INFO [RequestSendThread controllerId=0] Controller 0 connected to Josh.mshome.net:9092 (id: 0 rack: null) for sending state change requests (kafka.controller.RequestSendThread)
[2024-04-14 14:56:50,135] INFO [Controller id=0] Processing automatic preferred replica leader election (kafka.controller.KafkaController)
[2024-04-14 14:56:50,135] TRACE [Controller id=0] Checking need to trigger auto leader balancing (kafka.controller.KafkaController)
[2024-04-14 14:56:50,139] DEBUG [Controller id=0] Topics not in preferred replica for broker 0 HashMap() (kafka.controller.KafkaController)
[2024-04-14 14:56:50,140] TRACE [Controller id=0] Leader imbalance ratio for broker 0 is 0.0 (kafka.controller.KafkaController)
