[2024-04-14 14:44:10,555] INFO Starting the log cleaner (kafka.log.LogCleaner)
[2024-04-14 14:44:11,276] INFO Shutting down the log cleaner. (kafka.log.LogCleaner)
[2024-04-14 14:45:45,612] INFO Starting the log cleaner (kafka.log.LogCleaner)
[2024-04-14 14:46:53,679] INFO Starting the log cleaner (kafka.log.LogCleaner)
[2024-04-14 14:49:23,855] INFO Cleaner 0: Beginning cleaning of log __consumer_offsets-35 (kafka.log.LogCleaner)
[2024-04-14 14:49:23,855] INFO Cleaner 0: Building offset map for __consumer_offsets-35... (kafka.log.LogCleaner)
[2024-04-14 14:49:23,875] INFO Cleaner 0: Building offset map for log __consumer_offsets-35 for 1 segments in offset range [0, 46). (kafka.log.LogCleaner)
[2024-04-14 14:49:23,971] INFO Cleaner 0: Offset map for log __consumer_offsets-35 complete. (kafka.log.LogCleaner)
[2024-04-14 14:49:24,002] INFO Cleaner 0: Cleaning log __consumer_offsets-35 (cleaning prior to Sat Apr 06 21:29:02 ICT 2024, discarding tombstones prior to upper bound deletion horizon Thu Jan 01 07:00:00 ICT 1970)... (kafka.log.LogCleaner)
[2024-04-14 14:49:24,007] INFO Cleaner 0: Cleaning LogSegment(baseOffset=0, size=6620, lastModifiedTime=1712413742889, largestRecordTimestamp=1712413742889) in log __consumer_offsets-35 into 0 with an upper bound deletion horizon 0 computed from the segment last modified time of 1712413742889,retaining deletes. (kafka.log.LogCleaner)
[2024-04-14 14:49:24,128] INFO Cleaner 0: Swapping in cleaned segment LogSegment(baseOffset=0, size=257, lastModifiedTime=1712413742889, largestRecordTimestamp=1712413742889) for segment(s) List(LogSegment(baseOffset=0, size=6620, lastModifiedTime=1712413742889, largestRecordTimestamp=1712413742889)) in log Log(dir=D:\Kafka\kafka-logs\__consumer_offsets-35, topicId=OleC3e1tQ5CIKfC7bKM3JQ, topic=__consumer_offsets, partition=35, highWatermark=47, lastStableOffset=47, logStartOffset=0, logEndOffset=47) (kafka.log.LogCleaner)
[2024-04-14 14:51:24,831] INFO Starting the log cleaner (kafka.log.LogCleaner)
[2024-04-14 14:51:39,948] INFO Cleaner 0: Beginning cleaning of log __consumer_offsets-35 (kafka.log.LogCleaner)
[2024-04-14 14:51:39,949] INFO Cleaner 0: Building offset map for __consumer_offsets-35... (kafka.log.LogCleaner)
[2024-04-14 14:51:39,964] INFO Cleaner 0: Building offset map for log __consumer_offsets-35 for 1 segments in offset range [0, 46). (kafka.log.LogCleaner)
[2024-04-14 14:51:39,976] INFO Cleaner 0: Offset map for log __consumer_offsets-35 complete. (kafka.log.LogCleaner)
[2024-04-14 14:51:39,979] INFO Cleaner 0: Cleaning log __consumer_offsets-35 (cleaning prior to Sat Apr 06 21:29:02 ICT 2024, discarding tombstones prior to upper bound deletion horizon Thu Jan 01 07:00:00 ICT 1970)... (kafka.log.LogCleaner)
[2024-04-14 14:51:39,984] INFO Cleaner 0: Cleaning LogSegment(baseOffset=0, size=6620, lastModifiedTime=1712413742889, largestRecordTimestamp=-1) in log __consumer_offsets-35 into 0 with an upper bound deletion horizon 0 computed from the segment last modified time of 1712413742889,retaining deletes. (kafka.log.LogCleaner)
[2024-04-14 14:51:40,366] INFO Cleaner 0: Swapping in cleaned segment LogSegment(baseOffset=0, size=257, lastModifiedTime=1712413742889, largestRecordTimestamp=1712413742889) for segment(s) List(LogSegment(baseOffset=0, size=6620, lastModifiedTime=1712413742889, largestRecordTimestamp=-1)) in log Log(dir=D:\Kafka\kafka-logs\__consumer_offsets-35, topicId=OleC3e1tQ5CIKfC7bKM3JQ, topic=__consumer_offsets, partition=35, highWatermark=47, lastStableOffset=47, logStartOffset=0, logEndOffset=47) (kafka.log.LogCleaner)
[2024-04-14 14:52:19,872] INFO Starting the log cleaner (kafka.log.LogCleaner)
[2024-04-14 14:52:35,005] INFO Cleaner 0: Beginning cleaning of log __consumer_offsets-35 (kafka.log.LogCleaner)
[2024-04-14 14:52:35,005] INFO Cleaner 0: Building offset map for __consumer_offsets-35... (kafka.log.LogCleaner)
[2024-04-14 14:52:35,024] INFO Cleaner 0: Building offset map for log __consumer_offsets-35 for 1 segments in offset range [0, 46). (kafka.log.LogCleaner)
[2024-04-14 14:52:35,037] INFO Cleaner 0: Offset map for log __consumer_offsets-35 complete. (kafka.log.LogCleaner)
[2024-04-14 14:52:35,042] INFO Cleaner 0: Cleaning log __consumer_offsets-35 (cleaning prior to Sat Apr 06 21:29:02 ICT 2024, discarding tombstones prior to upper bound deletion horizon Thu Jan 01 07:00:00 ICT 1970)... (kafka.log.LogCleaner)
[2024-04-14 14:52:35,047] INFO Cleaner 0: Cleaning LogSegment(baseOffset=0, size=6620, lastModifiedTime=1712413742889, largestRecordTimestamp=-1) in log __consumer_offsets-35 into 0 with an upper bound deletion horizon 0 computed from the segment last modified time of 1712413742889,retaining deletes. (kafka.log.LogCleaner)
[2024-04-14 14:52:35,509] INFO Cleaner 0: Swapping in cleaned segment LogSegment(baseOffset=0, size=257, lastModifiedTime=1712413742889, largestRecordTimestamp=1712413742889) for segment(s) List(LogSegment(baseOffset=0, size=6620, lastModifiedTime=1712413742889, largestRecordTimestamp=-1)) in log Log(dir=D:\Kafka\kafka-logs\__consumer_offsets-35, topicId=OleC3e1tQ5CIKfC7bKM3JQ, topic=__consumer_offsets, partition=35, highWatermark=47, lastStableOffset=47, logStartOffset=0, logEndOffset=47) (kafka.log.LogCleaner)
[2024-04-14 14:53:13,706] INFO Starting the log cleaner (kafka.log.LogCleaner)
[2024-04-14 14:53:28,818] INFO Cleaner 0: Beginning cleaning of log __consumer_offsets-35 (kafka.log.LogCleaner)
[2024-04-14 14:53:28,818] INFO Cleaner 0: Building offset map for __consumer_offsets-35... (kafka.log.LogCleaner)
[2024-04-14 14:53:28,837] INFO Cleaner 0: Building offset map for log __consumer_offsets-35 for 1 segments in offset range [0, 46). (kafka.log.LogCleaner)
[2024-04-14 14:53:28,850] INFO Cleaner 0: Offset map for log __consumer_offsets-35 complete. (kafka.log.LogCleaner)
[2024-04-14 14:53:28,854] INFO Cleaner 0: Cleaning log __consumer_offsets-35 (cleaning prior to Sat Apr 06 21:29:02 ICT 2024, discarding tombstones prior to upper bound deletion horizon Thu Jan 01 07:00:00 ICT 1970)... (kafka.log.LogCleaner)
[2024-04-14 14:53:28,860] INFO Cleaner 0: Cleaning LogSegment(baseOffset=0, size=6620, lastModifiedTime=1712413742889, largestRecordTimestamp=-1) in log __consumer_offsets-35 into 0 with an upper bound deletion horizon 0 computed from the segment last modified time of 1712413742889,retaining deletes. (kafka.log.LogCleaner)
[2024-04-14 14:53:29,030] INFO Cleaner 0: Swapping in cleaned segment LogSegment(baseOffset=0, size=257, lastModifiedTime=1712413742889, largestRecordTimestamp=1712413742889) for segment(s) List(LogSegment(baseOffset=0, size=6620, lastModifiedTime=1712413742889, largestRecordTimestamp=-1)) in log Log(dir=D:\Kafka\kafka-logs\__consumer_offsets-35, topicId=OleC3e1tQ5CIKfC7bKM3JQ, topic=__consumer_offsets, partition=35, highWatermark=47, lastStableOffset=47, logStartOffset=0, logEndOffset=47) (kafka.log.LogCleaner)
[2024-04-14 14:54:06,279] INFO Starting the log cleaner (kafka.log.LogCleaner)
[2024-04-14 14:54:21,397] INFO Cleaner 0: Beginning cleaning of log __consumer_offsets-35 (kafka.log.LogCleaner)
[2024-04-14 14:54:21,398] INFO Cleaner 0: Building offset map for __consumer_offsets-35... (kafka.log.LogCleaner)
[2024-04-14 14:54:21,416] INFO Cleaner 0: Building offset map for log __consumer_offsets-35 for 1 segments in offset range [0, 46). (kafka.log.LogCleaner)
[2024-04-14 14:54:21,430] INFO Cleaner 0: Offset map for log __consumer_offsets-35 complete. (kafka.log.LogCleaner)
[2024-04-14 14:54:21,433] INFO Cleaner 0: Cleaning log __consumer_offsets-35 (cleaning prior to Sat Apr 06 21:29:02 ICT 2024, discarding tombstones prior to upper bound deletion horizon Thu Jan 01 07:00:00 ICT 1970)... (kafka.log.LogCleaner)
[2024-04-14 14:54:21,438] INFO Cleaner 0: Cleaning LogSegment(baseOffset=0, size=6620, lastModifiedTime=1712413742889, largestRecordTimestamp=-1) in log __consumer_offsets-35 into 0 with an upper bound deletion horizon 0 computed from the segment last modified time of 1712413742889,retaining deletes. (kafka.log.LogCleaner)
[2024-04-14 14:54:21,591] INFO Cleaner 0: Swapping in cleaned segment LogSegment(baseOffset=0, size=257, lastModifiedTime=1712413742889, largestRecordTimestamp=1712413742889) for segment(s) List(LogSegment(baseOffset=0, size=6620, lastModifiedTime=1712413742889, largestRecordTimestamp=-1)) in log Log(dir=D:\Kafka\kafka-logs\__consumer_offsets-35, topicId=OleC3e1tQ5CIKfC7bKM3JQ, topic=__consumer_offsets, partition=35, highWatermark=47, lastStableOffset=47, logStartOffset=0, logEndOffset=47) (kafka.log.LogCleaner)
[2024-04-14 14:55:50,456] INFO Starting the log cleaner (kafka.log.LogCleaner)
[2024-04-14 14:56:05,613] INFO Cleaner 0: Beginning cleaning of log __consumer_offsets-35 (kafka.log.LogCleaner)
[2024-04-14 14:56:05,614] INFO Cleaner 0: Building offset map for __consumer_offsets-35... (kafka.log.LogCleaner)
[2024-04-14 14:56:05,633] INFO Cleaner 0: Building offset map for log __consumer_offsets-35 for 1 segments in offset range [0, 46). (kafka.log.LogCleaner)
[2024-04-14 14:56:05,644] INFO Cleaner 0: Offset map for log __consumer_offsets-35 complete. (kafka.log.LogCleaner)
[2024-04-14 14:56:05,648] INFO Cleaner 0: Cleaning log __consumer_offsets-35 (cleaning prior to Sat Apr 06 21:29:02 ICT 2024, discarding tombstones prior to upper bound deletion horizon Thu Jan 01 07:00:00 ICT 1970)... (kafka.log.LogCleaner)
[2024-04-14 14:56:05,653] INFO Cleaner 0: Cleaning LogSegment(baseOffset=0, size=6620, lastModifiedTime=1712413742889, largestRecordTimestamp=-1) in log __consumer_offsets-35 into 0 with an upper bound deletion horizon 0 computed from the segment last modified time of 1712413742889,retaining deletes. (kafka.log.LogCleaner)
[2024-04-14 14:56:05,818] INFO Cleaner 0: Swapping in cleaned segment LogSegment(baseOffset=0, size=257, lastModifiedTime=1712413742889, largestRecordTimestamp=1712413742889) for segment(s) List(LogSegment(baseOffset=0, size=6620, lastModifiedTime=1712413742889, largestRecordTimestamp=-1)) in log Log(dir=D:\Kafka\kafka-logs\__consumer_offsets-35, topicId=OleC3e1tQ5CIKfC7bKM3JQ, topic=__consumer_offsets, partition=35, highWatermark=47, lastStableOffset=47, logStartOffset=0, logEndOffset=47) (kafka.log.LogCleaner)
[2024-04-14 14:56:44,035] INFO Starting the log cleaner (kafka.log.LogCleaner)
[2024-04-14 14:56:59,164] INFO Cleaner 0: Beginning cleaning of log __consumer_offsets-35 (kafka.log.LogCleaner)
[2024-04-14 14:56:59,164] INFO Cleaner 0: Building offset map for __consumer_offsets-35... (kafka.log.LogCleaner)
[2024-04-14 14:56:59,182] INFO Cleaner 0: Building offset map for log __consumer_offsets-35 for 1 segments in offset range [0, 46). (kafka.log.LogCleaner)
[2024-04-14 14:56:59,213] INFO Cleaner 0: Offset map for log __consumer_offsets-35 complete. (kafka.log.LogCleaner)
[2024-04-14 14:56:59,222] INFO Cleaner 0: Cleaning log __consumer_offsets-35 (cleaning prior to Sat Apr 06 21:29:02 ICT 2024, discarding tombstones prior to upper bound deletion horizon Thu Jan 01 07:00:00 ICT 1970)... (kafka.log.LogCleaner)
[2024-04-14 14:56:59,230] INFO Cleaner 0: Cleaning LogSegment(baseOffset=0, size=6620, lastModifiedTime=1712413742889, largestRecordTimestamp=-1) in log __consumer_offsets-35 into 0 with an upper bound deletion horizon 0 computed from the segment last modified time of 1712413742889,retaining deletes. (kafka.log.LogCleaner)
[2024-04-14 14:56:59,340] INFO Cleaner 0: Swapping in cleaned segment LogSegment(baseOffset=0, size=257, lastModifiedTime=1712413742889, largestRecordTimestamp=1712413742889) for segment(s) List(LogSegment(baseOffset=0, size=6620, lastModifiedTime=1712413742889, largestRecordTimestamp=-1)) in log Log(dir=D:\Kafka\kafka-logs\__consumer_offsets-35, topicId=OleC3e1tQ5CIKfC7bKM3JQ, topic=__consumer_offsets, partition=35, highWatermark=47, lastStableOffset=47, logStartOffset=0, logEndOffset=47) (kafka.log.LogCleaner)
